Physical CPU core: 2, Logic CPU core: 4
[GCL]: Chain initialized with 4 shard(s), in sync-sharding mode
[GCL]: 1000 addresses added and evenly distributed in shards
[GCL]: Compiling 1 contract(s), target=GCL_NATIVE
[GCL]: Linking 1 contract(s), target=GCL_NATIVE
[HIGHLIGHT] Token test
Perparing test transactions
[HIGHLIGHT] Ballot test: Step 1
[GCL]: [01:04:23.240] <hf4..y54> [#2] [h:1] Ballot, line 52: EOC init: ["Spring", "Yarn", "Combat"]
[GCL]: [01:04:23.240] [#g] [h:2] <= <hf4..y54> [#2] [h:1] Ballot, line 41: global: ["Spring", "Yarn", "Combat"]
[GCL]: Shd#g:	h:3 txn:0/0/2 addr:0
[GCL]: Shd#0:	h:3 txn:0/0/0 addr:250
[GCL]: Shd#1:	h:3 txn:0/0/0 addr:250
[GCL]: Shd#2:	h:3 txn:0/0/1 addr:250
[GCL]: Shd#3:	h:3 txn:0/0/0 addr:250
[GCL]: Total Txn:0/3
[HIGHLIGHT] Ballot test: Step 2
[GCL]: Shd#g:	h:3 txn:0/0/2 addr:0
[GCL]: Shd#0:	h:3 txn:250/0/0 addr:250
[GCL]: Shd#1:	h:3 txn:250/0/0 addr:250
[GCL]: Shd#2:	h:3 txn:250/0/1 addr:250
[GCL]: Shd#3:	h:3 txn:250/0/0 addr:250
[GCL]: Total Txn:1000/3
[HIGHLIGHT] Ballot test: Step 3
[GCL]: Shd#g:	h:3 txn:0/0/2 addr:0
[GCL]: Shd#0:	h:3 txn:250/0/0 addr:250
[GCL]: Shd#1:	h:3 txn:250/0/0 addr:250
[GCL]: Shd#2:	h:3 txn:251/0/1 addr:250
[GCL]: Shd#3:	h:3 txn:250/0/0 addr:250
[GCL]: Total Txn:1001/3
Executing
[GCL]: Stopwatch restarted
[GCL]: [01:04:23.546] <hf4..y54> [#2] [h:3] Ballot, line 59: Vote: 1
[GCL]: [01:04:23.546] <r0t..3km> [#3] [h:3] Ballot, line 59: Vote: 2
[GCL]: [01:04:23.546] <jzz..4v4> [#0] [h:3] Ballot, line 59: Vote: 0
[GCL]: [01:04:23.547] <2mn..yx0> [#1] [h:3] Ballot, line 59: Vote: 1
[GCL]: [01:04:23.547] <whx..d0w> [#0] [h:4] Ballot, line 59: Vote: 2
[GCL]: [01:04:23.547] <v35..8qw> [#1] [h:4] Ballot, line 59: Vote: 1
[GCL]: [01:04:23.547] <n0h..wdg> [#3] [h:4] Ballot, line 59: Vote: 0
[GCL]: [01:04:23.547] <hyd..yn0> [#2] [h:4] Ballot, line 59: Vote: 1
[GCL]: [01:04:23.547] <dty..ty8> [#1] [h:5] Ballot, line 59: Vote: 2
[GCL]: [01:04:23.547] <bf1..hq0> [#0] [h:5] Ballot, line 59: Vote: 1
[GCL]: [01:04:23.547] <3rg..pa4> [#3] [h:5] Ballot, line 59: Vote: 1
[GCL]: [01:04:23.547] <092..mhw> [#2] [h:5] Ballot, line 59: Vote: 1
[GCL]: [01:04:23.547] <bx2..1gc> [#0] [h:6] Ballot, line 59: Vote: 2
[GCL]: [01:04:23.547] <gad..tam> [#2] [h:6] Ballot, line 59: Vote: 0
[GCL]: [01:04:23.547] <wdg..r1w> [#3] [h:6] Ballot, line 59: Vote: 2
[GCL]: [01:04:23.547] <b7t..qh4> [#1] [h:6] Ballot, line 59: Vote: 0
[GCL]: [01:04:23.548] <car..hpr> [#1] [h:7] Ballot, line 59: Vote: 2
[GCL]: [01:04:23.548] <8h5..8t8> [#3] [h:7] Ballot, line 59: Vote: 1
[GCL]: [01:04:23.548] <t4v..p34> [#2] [h:7] Ballot, line 59: Vote: 1
[GCL]: [01:04:23.548] <qjq..eam> [#0] [h:7] Ballot, line 59: Vote: 0
[GCL]: [01:04:23.548] <46k..85g> [#0] [h:8] Ballot, line 59: Vote: 2
[GCL]: [01:04:23.548] <7a7..5em> [#2] [h:8] Ballot, line 59: Vote: 1
[GCL]: [01:04:23.548] <b6r..nbw> [#1] [h:8] Ballot, line 59: Vote: 1
[GCL]: [01:04:23.548] <7h0..teg> [#3] [h:8] Ballot, line 59: Vote: 1
[GCL]: [01:04:23.548] <prb..9fg> [#3] [h:9] Ballot, line 59: Vote: 2
[GCL]: [01:04:23.548] <ycn..x58> [#0] [h:9] Ballot, line 59: Vote: 0
[GCL]: [01:04:23.548] <rrt..4ag> [#1] [h:9] Ballot, line 59: Vote: 1
[GCL]: [01:04:23.548] <c4a..204> [#2] [h:9] Ballot, line 59: Vote: 0
[GCL]: [01:04:23.549] <vwd..3t4> [#0] [h:10] Ballot, line 59: Vote: 0
[GCL]: [01:04:23.549] <972..vdw> [#1] [h:10] Ballot, line 59: Vote: 2
[GCL]: [01:04:23.549] <kyy..2wm> [#2] [h:10] Ballot, line 59: Vote: 0
[GCL]: [01:04:23.549] <n3h..er0> [#3] [h:10] Ballot, line 59: Vote: 0
[GCL]: [01:04:23.549] <944..dwc> [#1] [h:11] Ballot, line 59: Vote: 1
[GCL]: [01:04:23.549] <ces..mbg> [#3] [h:11] Ballot, line 59: Vote: 0
[GCL]: [01:04:23.549] <trp..nxc> [#2] [h:11] Ballot, line 59: Vote: 2
[GCL]: [01:04:23.549] <pgv..jw0> [#0] [h:11] Ballot, line 59: Vote: 1
[GCL]: [01:04:23.549] <5kx..ctr> [#2] [h:12] Ballot, line 59: Vote: 2
[GCL]: [01:04:23.549] <r3c..gem> [#3] [h:12] Ballot, line 59: Vote: 2
[GCL]: [01:04:23.549] <w8a..18g> [#1] [h:12] Ballot, line 59: Vote: 0
[GCL]: [01:04:23.549] <1rq..9ym> [#0] [h:12] Ballot, line 59: Vote: 0
[GCL]: [01:04:23.549] <50b..n1m> [#3] [h:13] Ballot, line 59: Vote: 2
[GCL]: [01:04:23.549] <pfy..xr4> [#2] [h:13] Ballot, line 59: Vote: 0
[GCL]: [01:04:23.549] <ybv..z4g> [#1] [h:13] Ballot, line 59: Vote: 0
[GCL]: [01:04:23.549] <xsp..51m> [#0] [h:13] Ballot, line 59: Vote: 2
[GCL]: [01:04:23.550] <1zd..sf8> [#3] [h:14] Ballot, line 59: Vote: 1
[GCL]: [01:04:23.550] <91w..65g> [#0] [h:14] Ballot, line 59: Vote: 1
[GCL]: [01:04:23.550] <22z..hjm> [#1] [h:14] Ballot, line 59: Vote: 0
[GCL]: [01:04:23.550] <vqn..kp8> [#2] [h:14] Ballot, line 59: Vote: 0
[GCL]: [01:04:23.550] <m2w..0x4> [#0] [h:15] Ballot, line 59: Vote: 2
[GCL]: [01:04:23.550] <y08..7yw> [#3] [h:15] Ballot, line 59: Vote: 2
[GCL]: [01:04:23.550] <b1b..jr8> [#1] [h:15] Ballot, line 59: Vote: 0
[GCL]: [01:04:23.550] <72v..be0> [#2] [h:15] Ballot, line 59: Vote: 1
[GCL]: [01:04:23.550] <0s0..snm> [#0] [h:16] Ballot, line 59: Vote: 1
[GCL]: [01:04:23.550] <4yf..vdw> [#1] [h:16] Ballot, line 59: Vote: 1
[GCL]: [01:04:23.550] <8dr..0km> [#2] [h:16] Ballot, line 59: Vote: 0
[GCL]: [01:04:23.550] <jkr..c2c> [#3] [h:16] Ballot, line 59: Vote: 0
[GCL]: [01:04:23.550] <d2q..js0> [#0] [h:17] Ballot, line 59: Vote: 0
[GCL]: [01:04:23.550] <s36..dwr> [#1] [h:17] Ballot, line 59: Vote: 1
[GCL]: [01:04:23.550] <3tx..7jg> [#2] [h:17] Ballot, line 59: Vote: 2
[GCL]: [01:04:23.550] <9a3..w3g> [#3] [h:17] Ballot, line 59: Vote: 1
[GCL]: [01:04:23.550] <9qt..f64> [#2] [h:18] Ballot, line 59: Vote: 2
[GCL]: [01:04:23.550] <0hs..4w0> [#0] [h:18] Ballot, line 59: Vote: 2
[GCL]: [01:04:23.550] <00e..618> [#1] [h:18] Ballot, line 59: Vote: 2
[GCL]: [01:04:23.550] <s99..2yg> [#3] [h:18] Ballot, line 59: Vote: 2
[GCL]: [01:04:23.551] <w2c..60r> [#1] [h:19] Ballot, line 59: Vote: 1
[GCL]: [01:04:23.551] <v7g..3q8> [#2] [h:19] Ballot, line 59: Vote: 2
[GCL]: [01:04:23.551] <h23..95m> [#0] [h:19] Ballot, line 59: Vote: 1
[GCL]: [01:04:23.551] <95a..pd4> [#3] [h:19] Ballot, line 59: Vote: 2
[GCL]: [01:04:23.551] <kgr..46m> [#1] [h:20] Ballot, line 59: Vote: 0
[GCL]: [01:04:23.551] <yc6..zhg> [#0] [h:20] Ballot, line 59: Vote: 1
[GCL]: [01:04:23.551] <1sq..dcr> [#2] [h:20] Ballot, line 59: Vote: 0
[GCL]: [01:04:23.551] <0b5..4x8> [#3] [h:20] Ballot, line 59: Vote: 2
[GCL]: [01:04:23.551] <3px..c18> [#0] [h:21] Ballot, line 59: Vote: 0
[GCL]: [01:04:23.551] <5s0..5tw> [#2] [h:21] Ballot, line 59: Vote: 0
[GCL]: [01:04:23.551] <rx3..8zm> [#1] [h:21] Ballot, line 59: Vote: 0
[GCL]: [01:04:23.551] <3mn..9t8> [#3] [h:21] Ballot, line 59: Vote: 0
[GCL]: [01:04:23.551] <sww..z9c> [#0] [h:22] Ballot, line 59: Vote: 2
[GCL]: [01:04:23.551] <a61..2f4> [#1] [h:22] Ballot, line 59: Vote: 2
[GCL]: [01:04:23.551] <0hd..grg> [#2] [h:22] Ballot, line 59: Vote: 0
[GCL]: [01:04:23.551] <rw1..408> [#3] [h:22] Ballot, line 59: Vote: 2
[GCL]: [01:04:23.551] <fkj..sm8> [#3] [h:23] Ballot, line 59: Vote: 0
[GCL]: [01:04:23.552] <ww7..kcr> [#2] [h:23] Ballot, line 59: Vote: 1
[GCL]: [01:04:23.552] <np1..q10> [#0] [h:23] Ballot, line 59: Vote: 2
[GCL]: [01:04:23.552] <ywp..egg> [#1] [h:23] Ballot, line 59: Vote: 2
[GCL]: [01:04:23.552] <s52..t0w> [#3] [h:24] Ballot, line 59: Vote: 0
[GCL]: [01:04:23.552] <1dj..c2g> [#2] [h:24] Ballot, line 59: Vote: 2
[GCL]: [01:04:23.552] <bad..e3c> [#1] [h:24] Ballot, line 59: Vote: 1
[GCL]: [01:04:23.552] <t2b..d1w> [#0] [h:24] Ballot, line 59: Vote: 0
[GCL]: [01:04:23.552] <7q3..gdg> [#1] [h:25] Ballot, line 59: Vote: 2
[GCL]: [01:04:23.552] <xsz..tqm> [#0] [h:25] Ballot, line 59: Vote: 1
[GCL]: [01:04:23.552] <h3z..szg> [#3] [h:25] Ballot, line 59: Vote: 2
[GCL]: [01:04:23.552] <gy2..v6c> [#2] [h:25] Ballot, line 59: Vote: 1
[GCL]: [01:04:23.552] <7g8..kh4> [#1] [h:26] Ballot, line 59: Vote: 2
[GCL]: [01:04:23.552] <6wz..ty8> [#3] [h:26] Ballot, line 59: Vote: 2
[GCL]: [01:04:23.552] <scf..mrg> [#0] [h:26] Ballot, line 59: Vote: 1
[GCL]: [01:04:23.552] <59g..dq0> [#2] [h:26] Ballot, line 59: Vote: 0
[GCL]: [01:04:23.552] <qgs..bd0> [#0] [h:27] Ballot, line 59: Vote: 1
[GCL]: [01:04:23.552] <rbr..ehr> [#1] [h:27] Ballot, line 59: Vote: 2
[GCL]: [01:04:23.552] <aga..nfr> [#2] [h:27] Ballot, line 59: Vote: 2
[GCL]: [01:04:23.552] <nat..g0m> [#3] [h:27] Ballot, line 59: Vote: 1
[GCL]: [01:04:23.553] <zny..0b4> [#0] [h:28] Ballot, line 59: Vote: 0
[GCL]: [01:04:23.553] <nab..vsw> [#2] [h:28] Ballot, line 59: Vote: 2
[GCL]: [01:04:23.553] <7xt..aaw> [#3] [h:28] Ballot, line 59: Vote: 0
[GCL]: [01:04:23.553] <ec2..j6g> [#1] [h:28] Ballot, line 59: Vote: 2
[GCL]: [01:04:23.553] <9x7..hzg> [#1] [h:29] Ballot, line 59: Vote: 2
[GCL]: [01:04:23.553] <4t9..tsw> [#3] [h:29] Ballot, line 59: Vote: 2
[GCL]: [01:04:23.553] <79t..f4w> [#0] [h:29] Ballot, line 59: Vote: 1
[GCL]: [01:04:23.553] <hd0..hdg> [#2] [h:29] Ballot, line 59: Vote: 0
[GCL]: [01:04:23.553] <rf8..fh0> [#1] [h:30] Ballot, line 59: Vote: 0
[GCL]: [01:04:23.553] <csj..hs4> [#0] [h:30] Ballot, line 59: Vote: 0
[GCL]: [01:04:23.553] <28g..4yw> [#2] [h:30] Ballot, line 59: Vote: 2
[GCL]: [01:04:23.553] <sp3..y6r> [#3] [h:30] Ballot, line 59: Vote: 2
[GCL]: [01:04:23.553] <jfr..pz0> [#3] [h:31] Ballot, line 59: Vote: 0
[GCL]: [01:04:23.553] <zsd..5em> [#0] [h:31] Ballot, line 59: Vote: 1
[GCL]: [01:04:23.553] <zfm..rn8> [#1] [h:31] Ballot, line 59: Vote: 1
[GCL]: [01:04:23.553] <msw..tm8> [#2] [h:31] Ballot, line 59: Vote: 0
[GCL]: [01:04:23.553] <7m3..s28> [#1] [h:32] Ballot, line 59: Vote: 1
[GCL]: [01:04:23.553] <kj0..xxw> [#0] [h:32] Ballot, line 59: Vote: 2
[GCL]: [01:04:23.553] <xmr..ram> [#3] [h:32] Ballot, line 59: Vote: 1
[GCL]: [01:04:23.553] <098..pb4> [#2] [h:32] Ballot, line 59: Vote: 2
[GCL]: [01:04:23.554] <1xx..3fr> [#3] [h:33] Ballot, line 59: Vote: 2
[GCL]: [01:04:23.554] <hzs..7em> [#0] [h:33] Ballot, line 59: Vote: 2
[GCL]: [01:04:23.554] <hsg..nsg> [#1] [h:33] Ballot, line 59: Vote: 2
[GCL]: [01:04:23.554] <mnw..0br> [#2] [h:33] Ballot, line 59: Vote: 0
[GCL]: [01:04:23.554] <bey..ne8> [#0] [h:34] Ballot, line 59: Vote: 0
[GCL]: [01:04:23.554] <r6n..7tw> [#2] [h:34] Ballot, line 59: Vote: 1
[GCL]: [01:04:23.554] <nn6..3h4> [#1] [h:34] Ballot, line 59: Vote: 1
[GCL]: [01:04:23.554] <77f..gzc> [#3] [h:34] Ballot, line 59: Vote: 1
[GCL]: [01:04:23.554] <t16..77w> [#2] [h:35] Ballot, line 59: Vote: 1
[GCL]: [01:04:23.554] <6xa..pn0> [#0] [h:35] Ballot, line 59: Vote: 2
[GCL]: [01:04:23.554] <gv4..w00> [#1] [h:35] Ballot, line 59: Vote: 1
[GCL]: [01:04:23.554] <s54..nwm> [#3] [h:35] Ballot, line 59: Vote: 2
[GCL]: [01:04:23.554] <cef..1fw> [#1] [h:36] Ballot, line 59: Vote: 0
[GCL]: [01:04:23.554] <fxn..kbg> [#0] [h:36] Ballot, line 59: Vote: 2
[GCL]: [01:04:23.554] <svy..h50> [#3] [h:36] Ballot, line 59: Vote: 2
[GCL]: [01:04:23.554] <21a..6cr> [#2] [h:36] Ballot, line 59: Vote: 0
[GCL]: [01:04:23.554] <e3n..bh4> [#0] [h:37] Ballot, line 59: Vote: 0
[GCL]: [01:04:23.554] <x1w..qa8> [#1] [h:37] Ballot, line 59: Vote: 0
[GCL]: [01:04:23.554] <cpy..pdw> [#2] [h:37] Ballot, line 59: Vote: 2
[GCL]: [01:04:23.554] <88k..rnc> [#3] [h:37] Ballot, line 59: Vote: 1
[GCL]: [01:04:23.555] <gkg..bkm> [#2] [h:38] Ballot, line 59: Vote: 1
[GCL]: [01:04:23.555] <kms..6zc> [#3] [h:38] Ballot, line 59: Vote: 0
[GCL]: [01:04:23.555] <c3p..rwm> [#0] [h:38] Ballot, line 59: Vote: 2
[GCL]: [01:04:23.555] <rfs..je0> [#1] [h:38] Ballot, line 59: Vote: 0
[GCL]: [01:04:23.640] <9b4..j08> [#1] [h:39] Ballot, line 59: Vote: 2
[GCL]: [01:04:23.640] <8g9..0cr> [#3] [h:39] Ballot, line 59: Vote: 1
[GCL]: [01:04:23.640] <m16..75g> [#0] [h:39] Ballot, line 59: Vote: 0
[GCL]: [01:04:23.640] <4pb..xew> [#2] [h:39] Ballot, line 59: Vote: 2
[GCL]: [01:04:23.640] <zdf..h5r> [#2] [h:40] Ballot, line 59: Vote: 1
[GCL]: [01:04:23.640] <vn8..zh4> [#3] [h:40] Ballot, line 59: Vote: 0
[GCL]: [01:04:23.640] <44m..0qw> [#0] [h:40] Ballot, line 59: Vote: 0
[GCL]: [01:04:23.640] <8pk..ebc> [#1] [h:40] Ballot, line 59: Vote: 1
[GCL]: [01:04:23.641] <4sp..yzc> [#0] [h:41] Ballot, line 59: Vote: 1
[GCL]: [01:04:23.641] <5hd..qxm> [#2] [h:41] Ballot, line 59: Vote: 1
[GCL]: [01:04:23.641] <yzm..j04> [#1] [h:41] Ballot, line 59: Vote: 2
[GCL]: [01:04:23.641] <mra..010> [#3] [h:41] Ballot, line 59: Vote: 0
[GCL]: [01:04:23.641] <3ck..ep4> [#3] [h:42] Ballot, line 59: Vote: 0
[GCL]: [01:04:23.641] <rt9..8em> [#1] [h:42] Ballot, line 59: Vote: 2
[GCL]: [01:04:23.641] <9by..z6r> [#0] [h:42] Ballot, line 59: Vote: 1
[GCL]: [01:04:23.641] <7je..s50> [#2] [h:42] Ballot, line 59: Vote: 1
[GCL]: [01:04:23.641] <x0x..wpc> [#0] [h:43] Ballot, line 59: Vote: 0
[GCL]: [01:04:23.641] <4ss..xxw> [#1] [h:43] Ballot, line 59: Vote: 0
[GCL]: [01:04:23.641] <kfc..0ww> [#3] [h:43] Ballot, line 59: Vote: 0
[GCL]: [01:04:23.641] <7f1..rzc> [#2] [h:43] Ballot, line 59: Vote: 0
[GCL]: [01:04:23.641] <a8a..fkr> [#2] [h:44] Ballot, line 59: Vote: 1
[GCL]: [01:04:23.641] <vn8..hym> [#1] [h:44] Ballot, line 59: Vote: 0
[GCL]: [01:04:23.641] <rq4..174> [#0] [h:44] Ballot, line 59: Vote: 1
[GCL]: [01:04:23.641] <310..9aw> [#3] [h:44] Ballot, line 59: Vote: 0
[GCL]: [01:04:23.642] <h7n..w6r> [#0] [h:45] Ballot, line 59: Vote: 1
[GCL]: [01:04:23.642] <a60..k60> [#1] [h:45] Ballot, line 59: Vote: 0
[GCL]: [01:04:23.642] <9j4..6vm> [#3] [h:45] Ballot, line 59: Vote: 1
[GCL]: [01:04:23.642] <3jt..3gm> [#2] [h:45] Ballot, line 59: Vote: 0
[GCL]: [01:04:23.642] <kd2..n14> [#0] [h:46] Ballot, line 59: Vote: 2
[GCL]: [01:04:23.642] <txr..nyr> [#2] [h:46] Ballot, line 59: Vote: 0
[GCL]: [01:04:23.642] <bkd..x10> [#3] [h:46] Ballot, line 59: Vote: 1
[GCL]: [01:04:23.642] <smz..abm> [#1] [h:46] Ballot, line 59: Vote: 0
[GCL]: [01:04:23.642] <8t2..fm0> [#0] [h:47] Ballot, line 59: Vote: 0
[GCL]: [01:04:23.642] <fvq..wsw> [#2] [h:47] Ballot, line 59: Vote: 0
[GCL]: [01:04:23.642] <3br..yc8> [#3] [h:47] Ballot, line 59: Vote: 1
[GCL]: [01:04:23.642] <at3..8vc> [#1] [h:47] Ballot, line 59: Vote: 2
[GCL]: [01:04:23.642] <fwt..608> [#3] [h:48] Ballot, line 59: Vote: 1
[GCL]: [01:04:23.642] <ye4..czc> [#2] [h:48] Ballot, line 59: Vote: 1
[GCL]: [01:04:23.642] <c6j..7b4> [#0] [h:48] Ballot, line 59: Vote: 2
[GCL]: [01:04:23.642] <eqf..te0> [#1] [h:48] Ballot, line 59: Vote: 0
[GCL]: [01:04:23.643] <j9d..vw0> [#0] [h:49] Ballot, line 59: Vote: 0
[GCL]: [01:04:23.643] <nxg..xtr> [#2] [h:49] Ballot, line 59: Vote: 0
[GCL]: [01:04:23.643] <z3z..m1g> [#1] [h:49] Ballot, line 59: Vote: 0
[GCL]: [01:04:23.643] <652..hx8> [#3] [h:49] Ballot, line 59: Vote: 1
[GCL]: [01:04:23.643] <7fq..jbm> [#0] [h:50] Ballot, line 59: Vote: 2
[GCL]: [01:04:23.643] <nhp..k40> [#2] [h:50] Ballot, line 59: Vote: 2
[GCL]: [01:04:23.643] <1xy..ver> [#1] [h:50] Ballot, line 59: Vote: 1
[GCL]: [01:04:23.643] <rrp..zqm> [#3] [h:50] Ballot, line 59: Vote: 0
[GCL]: [01:04:23.643] <y5m..bvm> [#0] [h:51] Ballot, line 59: Vote: 0
[GCL]: [01:04:23.643] <22m..120> [#1] [h:51] Ballot, line 59: Vote: 2
[GCL]: [01:04:23.643] <rtc..v20> [#2] [h:51] Ballot, line 59: Vote: 2
[GCL]: [01:04:23.643] <2c4..31w> [#3] [h:51] Ballot, line 59: Vote: 0
[GCL]: [01:04:23.643] <8be..epm> [#0] [h:52] Ballot, line 59: Vote: 1
[GCL]: [01:04:23.643] <gve..srw> [#1] [h:52] Ballot, line 59: Vote: 1
[GCL]: [01:04:23.643] <bv8..fzm> [#3] [h:52] Ballot, line 59: Vote: 0
[GCL]: [01:04:23.643] <xxf..mdr> [#2] [h:52] Ballot, line 59: Vote: 1
[GCL]: [01:04:23.644] <3sp..7e0> [#2] [h:53] Ballot, line 59: Vote: 0
[GCL]: [01:04:23.644] <ese..nr0> [#1] [h:53] Ballot, line 59: Vote: 0
[GCL]: [01:04:23.644] <08x..7n4> [#0] [h:53] Ballot, line 59: Vote: 1
[GCL]: [01:04:23.644] <e56..rfw> [#3] [h:53] Ballot, line 59: Vote: 0
[GCL]: [01:04:23.644] <h3p..1ew> [#0] [h:54] Ballot, line 59: Vote: 2
[GCL]: [01:04:23.644] <cd0..err> [#1] [h:54] Ballot, line 59: Vote: 1
[GCL]: [01:04:23.644] <0rn..qcr> [#3] [h:54] Ballot, line 59: Vote: 1
[GCL]: [01:04:23.644] <ww1..hmr> [#2] [h:54] Ballot, line 59: Vote: 1
[GCL]: [01:04:23.644] <p99..b1r> [#0] [h:55] Ballot, line 59: Vote: 2
[GCL]: [01:04:23.644] <530..x20> [#3] [h:55] Ballot, line 59: Vote: 1
[GCL]: [01:04:23.644] <byp..300> [#2] [h:55] Ballot, line 59: Vote: 1
[GCL]: [01:04:23.644] <kdy..6r0> [#1] [h:55] Ballot, line 59: Vote: 2
[GCL]: [01:04:23.644] <mqh..vc4> [#0] [h:56] Ballot, line 59: Vote: 2
[GCL]: [01:04:23.644] <wam..gjw> [#2] [h:56] Ballot, line 59: Vote: 1
[GCL]: [01:04:23.644] <53w..wd4> [#1] [h:56] Ballot, line 59: Vote: 1
[GCL]: [01:04:23.644] <64q..778> [#3] [h:56] Ballot, line 59: Vote: 1
[GCL]: [01:04:23.644] <7sd..ryw> [#0] [h:57] Ballot, line 59: Vote: 0
[GCL]: [01:04:23.644] <ftv..djg> [#2] [h:57] Ballot, line 59: Vote: 2
[GCL]: [01:04:23.645] <8mm..1m0> [#3] [h:57] Ballot, line 59: Vote: 2
[GCL]: [01:04:23.645] <3ng..krw> [#1] [h:57] Ballot, line 59: Vote: 2
[GCL]: [01:04:23.645] <x0k..qsr> [#1] [h:58] Ballot, line 59: Vote: 1
[GCL]: [01:04:23.645] <3m5..xeg> [#2] [h:58] Ballot, line 59: Vote: 1
[GCL]: [01:04:23.645] <0b4..a54> [#0] [h:58] Ballot, line 59: Vote: 2
[GCL]: [01:04:23.645] <daa..vmm> [#3] [h:58] Ballot, line 59: Vote: 1
[GCL]: [01:04:23.646] <8tj..c7r> [#0] [h:59] Ballot, line 59: Vote: 0
[GCL]: [01:04:23.646] <ahf..mdm> [#1] [h:59] Ballot, line 59: Vote: 2
[GCL]: [01:04:23.646] <eha..xvw> [#3] [h:59] Ballot, line 59: Vote: 1
[GCL]: [01:04:23.646] <1d6..0xc> [#2] [h:59] Ballot, line 59: Vote: 2
[GCL]: [01:04:23.646] <4r6..ddc> [#0] [h:60] Ballot, line 59: Vote: 2
[GCL]: [01:04:23.646] <5r2..23r> [#3] [h:60] Ballot, line 59: Vote: 2
[GCL]: [01:04:23.646] <znt..h5w> [#1] [h:60] Ballot, line 59: Vote: 2
[GCL]: [01:04:23.646] <224..4k8> [#2] [h:60] Ballot, line 59: Vote: 1
[GCL]: [01:04:23.646] <dtf..8p4> [#0] [h:61] Ballot, line 59: Vote: 1
[GCL]: [01:04:23.646] <8py..a8g> [#1] [h:61] Ballot, line 59: Vote: 2
[GCL]: [01:04:23.646] <7jt..j08> [#2] [h:61] Ballot, line 59: Vote: 1
[GCL]: [01:04:23.646] <qev..45g> [#3] [h:61] Ballot, line 59: Vote: 0
[GCL]: [01:04:23.647] <pdd..ve4> [#0] [h:62] Ballot, line 59: Vote: 1
[GCL]: [01:04:23.647] <2nm..dhr> [#1] [h:62] Ballot, line 59: Vote: 0
[GCL]: [01:04:23.647] <at0..hpm> [#2] [h:62] Ballot, line 59: Vote: 0
[GCL]: [01:04:23.647] <dhg..wr8> [#3] [h:62] Ballot, line 59: Vote: 0
[GCL]: [01:04:23.647] <rf2..bvg> [#2] [h:63] Ballot, line 59: Vote: 0
[GCL]: [01:04:23.647] <61f..f98> [#3] [h:63] Ballot, line 59: Vote: 2
[GCL]: [01:04:23.647] <6n1..vm8> [#0] [h:63] Ballot, line 59: Vote: 2
[GCL]: [01:04:23.647] <39v..vbg> [#1] [h:63] Ballot, line 59: Vote: 0
[GCL]: [01:04:23.647] <mrw..gnc> [#0] [h:64] Ballot, line 59: Vote: 2
[GCL]: [01:04:23.647] <162..1m0> [#2] [h:64] Ballot, line 59: Vote: 1
[GCL]: [01:04:23.647] <hfk..f88> [#1] [h:64] Ballot, line 59: Vote: 1
[GCL]: [01:04:23.647] <kr5..jxm> [#3] [h:64] Ballot, line 59: Vote: 1
[GCL]: [01:04:23.647] <6f1..f3w> [#1] [h:65] Ballot, line 59: Vote: 2
[GCL]: [01:04:23.648] <ex8..qqc> [#2] [h:65] Ballot, line 59: Vote: 1
[GCL]: [01:04:23.647] <fw2..pv4> [#0] [h:65] Ballot, line 59: Vote: 0
[GCL]: [01:04:23.739] <rds..mdc> [#3] [h:65] Ballot, line 59: Vote: 1
[GCL]: [01:04:23.739] <m19..efw> [#3] [h:66] Ballot, line 59: Vote: 1
[GCL]: [01:04:23.740] <2wz..edr> [#0] [h:66] Ballot, line 59: Vote: 0
[GCL]: [01:04:23.740] <rge..rqg> [#2] [h:66] Ballot, line 59: Vote: 1
[GCL]: [01:04:23.740] <sbc..hvm> [#1] [h:66] Ballot, line 59: Vote: 1
[GCL]: [01:04:23.740] <88x..nn0> [#2] [h:67] Ballot, line 59: Vote: 0
[GCL]: [01:04:23.740] <7nx..crw> [#1] [h:67] Ballot, line 59: Vote: 1
[GCL]: [01:04:23.740] <qj2..8bg> [#3] [h:67] Ballot, line 59: Vote: 2
[GCL]: [01:04:23.740] <k14..1v0> [#0] [h:67] Ballot, line 59: Vote: 1
[GCL]: [01:04:23.740] <jpv..n20> [#0] [h:68] Ballot, line 59: Vote: 2
[GCL]: [01:04:23.741] <c9k..3tw> [#3] [h:68] Ballot, line 59: Vote: 0
[GCL]: [01:04:23.741] <pxj..s7m> [#2] [h:68] Ballot, line 59: Vote: 2
[GCL]: [01:04:23.741] <1ng..gz4> [#1] [h:68] Ballot, line 59: Vote: 0
[GCL]: [01:04:23.741] <wxk..050> [#2] [h:69] Ballot, line 59: Vote: 2
[GCL]: [01:04:23.741] <hgz..ckm> [#3] [h:69] Ballot, line 59: Vote: 1
[GCL]: [01:04:23.741] <2yv..6t4> [#0] [h:69] Ballot, line 59: Vote: 0
[GCL]: [01:04:23.741] <k7m..y60> [#1] [h:69] Ballot, line 59: Vote: 2
[GCL]: [01:04:23.741] <3gx..xhw> [#1] [h:70] Ballot, line 59: Vote: 2
[GCL]: [01:04:23.741] <b0w..hg0> [#0] [h:70] Ballot, line 59: Vote: 1
[GCL]: [01:04:23.741] <ex2..364> [#3] [h:70] Ballot, line 59: Vote: 0
[GCL]: [01:04:23.741] <z6n..cd8> [#2] [h:70] Ballot, line 59: Vote: 1
[GCL]: [01:04:23.741] <yf9..bqg> [#0] [h:71] Ballot, line 59: Vote: 1
[GCL]: [01:04:23.741] <yr6..m08> [#2] [h:71] Ballot, line 59: Vote: 2
[GCL]: [01:04:23.741] <jnf..b1c> [#3] [h:71] Ballot, line 59: Vote: 0
[GCL]: [01:04:23.741] <c90..84c> [#1] [h:71] Ballot, line 59: Vote: 2
[GCL]: [01:04:23.742] <d4c..vd0> [#3] [h:72] Ballot, line 59: Vote: 0
[GCL]: [01:04:23.742] <jvz..1b8> [#1] [h:72] Ballot, line 59: Vote: 2
[GCL]: [01:04:23.742] <bjg..n2m> [#0] [h:72] Ballot, line 59: Vote: 0
[GCL]: [01:04:23.742] <th9..1j0> [#2] [h:72] Ballot, line 59: Vote: 0
[GCL]: [01:04:23.742] <0f4..jgw> [#0] [h:73] Ballot, line 59: Vote: 0
[GCL]: [01:04:23.742] <j29..p1g> [#3] [h:73] Ballot, line 59: Vote: 0
[GCL]: [01:04:23.742] <th6..x90> [#2] [h:73] Ballot, line 59: Vote: 1
[GCL]: [01:04:23.742] <k1j..j84> [#1] [h:73] Ballot, line 59: Vote: 1
[GCL]: [01:04:23.742] <mw8..4x8> [#2] [h:74] Ballot, line 59: Vote: 0
[GCL]: [01:04:23.742] <cka..spr> [#1] [h:74] Ballot, line 59: Vote: 0
[GCL]: [01:04:23.742] <yzb..7h4> [#0] [h:74] Ballot, line 59: Vote: 2
[GCL]: [01:04:23.742] <a0n..a20> [#3] [h:74] Ballot, line 59: Vote: 1
[GCL]: [01:04:23.742] <qy0..k5r> [#3] [h:75] Ballot, line 59: Vote: 0
[GCL]: [01:04:23.743] <ebw..bxw> [#2] [h:75] Ballot, line 59: Vote: 1
[GCL]: [01:04:23.743] <rc6..7d4> [#1] [h:75] Ballot, line 59: Vote: 0
[GCL]: [01:04:23.743] <zpq..2pr> [#0] [h:75] Ballot, line 59: Vote: 2
[GCL]: [01:04:23.743] <tqj..x9g> [#0] [h:76] Ballot, line 59: Vote: 1
[GCL]: [01:04:23.743] <6nq..2fr> [#2] [h:76] Ballot, line 59: Vote: 1
[GCL]: [01:04:23.743] <025..6jr> [#1] [h:76] Ballot, line 59: Vote: 2
[GCL]: [01:04:23.743] <5dn..dx0> [#3] [h:76] Ballot, line 59: Vote: 2
[GCL]: [01:04:23.744] <x19..9qc> [#0] [h:77] Ballot, line 59: Vote: 2
[GCL]: [01:04:23.744] <8az..9rm> [#1] [h:77] Ballot, line 59: Vote: 1
[GCL]: [01:04:23.744] <6s5..9bc> [#3] [h:77] Ballot, line 59: Vote: 0
[GCL]: [01:04:23.744] <mps..gsg> [#2] [h:77] Ballot, line 59: Vote: 2
[GCL]: [01:04:23.744] <xn1..2e8> [#1] [h:78] Ballot, line 59: Vote: 1
[GCL]: [01:04:23.744] <6sy..xd4> [#2] [h:78] Ballot, line 59: Vote: 1
[GCL]: [01:04:23.744] <d1y..rqr> [#0] [h:78] Ballot, line 59: Vote: 1
[GCL]: [01:04:23.744] <zhg..aj8> [#3] [h:78] Ballot, line 59: Vote: 1
[GCL]: [01:04:23.744] <gxa..m08> [#0] [h:79] Ballot, line 59: Vote: 2
[GCL]: [01:04:23.744] <hcx..nhm> [#1] [h:79] Ballot, line 59: Vote: 1
[GCL]: [01:04:23.744] <cfg..9m4> [#3] [h:79] Ballot, line 59: Vote: 0
[GCL]: [01:04:23.744] <rbx..ve4> [#2] [h:79] Ballot, line 59: Vote: 1
[GCL]: [01:04:23.744] <bmb..qfg> [#0] [h:80] Ballot, line 59: Vote: 2
[GCL]: [01:04:23.744] <y5k..610> [#2] [h:80] Ballot, line 59: Vote: 1
[GCL]: [01:04:23.744] <3j7..6jg> [#3] [h:80] Ballot, line 59: Vote: 2
[GCL]: [01:04:23.744] <r7c..4hc> [#1] [h:80] Ballot, line 59: Vote: 1
[GCL]: [01:04:23.745] <bq0..hjc> [#3] [h:81] Ballot, line 59: Vote: 1
[GCL]: [01:04:23.745] <7e1..yyr> [#2] [h:81] Ballot, line 59: Vote: 1
[GCL]: [01:04:23.745] <jpg..bh8> [#0] [h:81] Ballot, line 59: Vote: 2
[GCL]: [01:04:23.745] <g65..r8g> [#1] [h:81] Ballot, line 59: Vote: 2
[GCL]: [01:04:23.745] <ms6..g30> [#0] [h:82] Ballot, line 59: Vote: 2
[GCL]: [01:04:23.745] <548..0gg> [#2] [h:82] Ballot, line 59: Vote: 2
[GCL]: [01:04:23.745] <1wn..hh4> [#1] [h:82] Ballot, line 59: Vote: 2
[GCL]: [01:04:23.745] <wy7..628> [#3] [h:82] Ballot, line 59: Vote: 0
[GCL]: [01:04:23.745] <jqz..atm> [#1] [h:83] Ballot, line 59: Vote: 2
[GCL]: [01:04:23.745] <yz7..h20> [#2] [h:83] Ballot, line 59: Vote: 1
[GCL]: [01:04:23.745] <h22..y0g> [#0] [h:83] Ballot, line 59: Vote: 2
[GCL]: [01:04:23.745] <cw6..3er> [#3] [h:83] Ballot, line 59: Vote: 2
[GCL]: [01:04:23.745] <6nf..zf8> [#0] [h:84] Ballot, line 59: Vote: 0
[GCL]: [01:04:23.745] <qeb..ncw> [#2] [h:84] Ballot, line 59: Vote: 2
[GCL]: [01:04:23.746] <zkm..pcm> [#3] [h:84] Ballot, line 59: Vote: 0
[GCL]: [01:04:23.746] <4vk..1kr> [#1] [h:84] Ballot, line 59: Vote: 1
[GCL]: [01:04:23.746] <d7x..jt4> [#1] [h:85] Ballot, line 59: Vote: 2
[GCL]: [01:04:23.746] <nry..5dm> [#0] [h:85] Ballot, line 59: Vote: 1
[GCL]: [01:04:23.746] <tjn..mx8> [#2] [h:85] Ballot, line 59: Vote: 2
[GCL]: [01:04:23.746] <n78..q14> [#3] [h:85] Ballot, line 59: Vote: 0
[GCL]: [01:04:23.746] <6yk..evr> [#0] [h:86] Ballot, line 59: Vote: 1
[GCL]: [01:04:23.746] <wt7..tww> [#3] [h:86] Ballot, line 59: Vote: 2
[GCL]: [01:04:23.746] <bd4..s2r> [#2] [h:86] Ballot, line 59: Vote: 0
[GCL]: [01:04:23.746] <gnz..e10> [#1] [h:86] Ballot, line 59: Vote: 2
[GCL]: [01:04:23.746] <bkf..tk0> [#1] [h:87] Ballot, line 59: Vote: 2
[GCL]: [01:04:23.746] <71r..z3w> [#3] [h:87] Ballot, line 59: Vote: 1
[GCL]: [01:04:23.746] <zk4..3s0> [#0] [h:87] Ballot, line 59: Vote: 0
[GCL]: [01:04:23.746] <385..z88> [#2] [h:87] Ballot, line 59: Vote: 1
[GCL]: [01:04:23.746] <zya..h1r> [#0] [h:88] Ballot, line 59: Vote: 1
[GCL]: [01:04:23.746] <khh..2ww> [#2] [h:88] Ballot, line 59: Vote: 1
[GCL]: [01:04:23.839] <8w0..2gw> [#1] [h:88] Ballot, line 59: Vote: 1
[GCL]: [01:04:23.839] <qxj..63w> [#3] [h:88] Ballot, line 59: Vote: 0
[GCL]: [01:04:23.840] <c7k..8tr> [#2] [h:89] Ballot, line 59: Vote: 2
[GCL]: [01:04:23.840] <vdg..mhw> [#0] [h:89] Ballot, line 59: Vote: 1
[GCL]: [01:04:23.840] <gc1..axg> [#3] [h:89] Ballot, line 59: Vote: 1
[GCL]: [01:04:23.840] <jkn..q4w> [#1] [h:89] Ballot, line 59: Vote: 2
[GCL]: [01:04:23.840] <cej..vtw> [#3] [h:90] Ballot, line 59: Vote: 0
[GCL]: [01:04:23.840] <dkp..c18> [#1] [h:90] Ballot, line 59: Vote: 2
[GCL]: [01:04:23.840] <32n..ptr> [#0] [h:90] Ballot, line 59: Vote: 1
[GCL]: [01:04:23.840] <gjz..p1m> [#2] [h:90] Ballot, line 59: Vote: 1
[GCL]: [01:04:23.840] <vjd..hyg> [#1] [h:91] Ballot, line 59: Vote: 0
[GCL]: [01:04:23.840] <ata..8qw> [#3] [h:91] Ballot, line 59: Vote: 2
[GCL]: [01:04:23.840] <4mg..hgm> [#0] [h:91] Ballot, line 59: Vote: 1
[GCL]: [01:04:23.840] <hdk..fk0> [#2] [h:91] Ballot, line 59: Vote: 0
[GCL]: [01:04:23.841] <wka..5km> [#3] [h:92] Ballot, line 59: Vote: 0
[GCL]: [01:04:23.841] <4vm..gsg> [#1] [h:92] Ballot, line 59: Vote: 1
[GCL]: [01:04:23.841] <jpc..j7w> [#0] [h:92] Ballot, line 59: Vote: 2
[GCL]: [01:04:23.841] <8c0..meg> [#2] [h:92] Ballot, line 59: Vote: 0
[GCL]: [01:04:23.841] <g8x..hw4> [#0] [h:93] Ballot, line 59: Vote: 2
[GCL]: [01:04:23.841] <z0k..10r> [#1] [h:93] Ballot, line 59: Vote: 0
[GCL]: [01:04:23.841] <jzk..b4g> [#2] [h:93] Ballot, line 59: Vote: 1
[GCL]: [01:04:23.841] <dpw..c20> [#3] [h:93] Ballot, line 59: Vote: 0
[GCL]: [01:04:23.841] <b1f..b9g> [#0] [h:94] Ballot, line 59: Vote: 0
[GCL]: [01:04:23.841] <20t..gb0> [#1] [h:94] Ballot, line 59: Vote: 0
[GCL]: [01:04:23.841] <1wg..qsg> [#3] [h:94] Ballot, line 59: Vote: 2
[GCL]: [01:04:23.841] <3f4..xkw> [#2] [h:94] Ballot, line 59: Vote: 2
[GCL]: [01:04:23.841] <916..9jw> [#1] [h:95] Ballot, line 59: Vote: 0
[GCL]: [01:04:23.841] <50m..0nm> [#3] [h:95] Ballot, line 59: Vote: 1
[GCL]: [01:04:23.841] <m66..b84> [#2] [h:95] Ballot, line 59: Vote: 0
[GCL]: [01:04:23.841] <pm5..6jr> [#0] [h:95] Ballot, line 59: Vote: 1
[GCL]: [01:04:23.842] <nsb..yr0> [#3] [h:96] Ballot, line 59: Vote: 0
[GCL]: [01:04:23.842] <w7h..chc> [#1] [h:96] Ballot, line 59: Vote: 0
[GCL]: [01:04:23.842] <4q5..ydm> [#2] [h:96] Ballot, line 59: Vote: 1
[GCL]: [01:04:23.842] <a39..rt0> [#0] [h:96] Ballot, line 59: Vote: 2
[GCL]: [01:04:23.842] <pdy..5q0> [#0] [h:97] Ballot, line 59: Vote: 0
[GCL]: [01:04:23.842] <z16..xs8> [#1] [h:97] Ballot, line 59: Vote: 1
[GCL]: [01:04:23.842] <y4x..xzw> [#2] [h:97] Ballot, line 59: Vote: 1
[GCL]: [01:04:23.842] <vy2..k2c> [#3] [h:97] Ballot, line 59: Vote: 2
[GCL]: [01:04:23.842] <bwn..q48> [#3] [h:98] Ballot, line 59: Vote: 0
[GCL]: [01:04:23.842] <px6..qaw> [#1] [h:98] Ballot, line 59: Vote: 2
[GCL]: [01:04:23.842] <5b2..mk8> [#0] [h:98] Ballot, line 59: Vote: 2
[GCL]: [01:04:23.842] <s0v..x38> [#2] [h:98] Ballot, line 59: Vote: 0
[GCL]: [01:04:23.842] <705..jdg> [#1] [h:99] Ballot, line 59: Vote: 1
[GCL]: [01:04:23.842] <pe4..r9r> [#0] [h:99] Ballot, line 59: Vote: 1
[GCL]: [01:04:23.842] <7q8..7eg> [#2] [h:99] Ballot, line 59: Vote: 0
[GCL]: [01:04:23.842] <38m..s0m> [#3] [h:99] Ballot, line 59: Vote: 0
[GCL]: [01:04:23.843] <63h..1tg> [#0] [h:100] Ballot, line 59: Vote: 0
[GCL]: [01:04:23.843] <9h5..hrc> [#3] [h:100] Ballot, line 59: Vote: 1
[GCL]: [01:04:23.843] <ajh..8rc> [#2] [h:100] Ballot, line 59: Vote: 1
[GCL]: [01:04:23.843] <8cq..f74> [#1] [h:100] Ballot, line 59: Vote: 2
[GCL]: [01:04:23.843] <r81..hpw> [#3] [h:101] Ballot, line 59: Vote: 1
[GCL]: [01:04:23.843] <11v..m0c> [#2] [h:101] Ballot, line 59: Vote: 0
[GCL]: [01:04:23.843] <p51..7am> [#1] [h:101] Ballot, line 59: Vote: 2
[GCL]: [01:04:23.843] <jkb..s48> [#0] [h:101] Ballot, line 59: Vote: 1
[GCL]: [01:04:23.843] <xt7..2yw> [#0] [h:102] Ballot, line 59: Vote: 2
[GCL]: [01:04:23.843] <r2c..3tg> [#1] [h:102] Ballot, line 59: Vote: 0
[GCL]: [01:04:23.843] <hk1..hnm> [#3] [h:102] Ballot, line 59: Vote: 2
[GCL]: [01:04:23.843] <d1f..rr8> [#2] [h:102] Ballot, line 59: Vote: 1
[GCL]: [01:04:23.843] <8g4..1qc> [#0] [h:103] Ballot, line 59: Vote: 0
[GCL]: [01:04:23.843] <ak7..8z4> [#3] [h:103] Ballot, line 59: Vote: 1
[GCL]: [01:04:23.843] <gjw..3tr> [#1] [h:103] Ballot, line 59: Vote: 2
[GCL]: [01:04:23.843] <ttq..hzw> [#2] [h:103] Ballot, line 59: Vote: 0
[GCL]: [01:04:23.844] <9d5..24m> [#2] [h:104] Ballot, line 59: Vote: 1
[GCL]: [01:04:23.844] <m5g..32g> [#1] [h:104] Ballot, line 59: Vote: 2
[GCL]: [01:04:23.844] <q4e..smc> [#0] [h:104] Ballot, line 59: Vote: 1
[GCL]: [01:04:23.844] <dz9..9ag> [#3] [h:104] Ballot, line 59: Vote: 0
[GCL]: [01:04:23.844] <kyv..5z8> [#0] [h:105] Ballot, line 59: Vote: 2
[GCL]: [01:04:23.844] <79a..fj4> [#1] [h:105] Ballot, line 59: Vote: 2
[GCL]: [01:04:23.844] <nft..sxc> [#3] [h:105] Ballot, line 59: Vote: 0
[GCL]: [01:04:23.844] <xyc..ksg> [#2] [h:105] Ballot, line 59: Vote: 0
[GCL]: [01:04:23.844] <zfq..w28> [#1] [h:106] Ballot, line 59: Vote: 2
[GCL]: [01:04:23.844] <pcx..jrr> [#3] [h:106] Ballot, line 59: Vote: 1
[GCL]: [01:04:23.844] <h56..2e0> [#0] [h:106] Ballot, line 59: Vote: 1
[GCL]: [01:04:23.844] <jj3..y0g> [#2] [h:106] Ballot, line 59: Vote: 0
[GCL]: [01:04:23.844] <4xj..q5m> [#0] [h:107] Ballot, line 59: Vote: 2
[GCL]: [01:04:23.844] <78j..844> [#1] [h:107] Ballot, line 59: Vote: 1
[GCL]: [01:04:23.844] <bjt..7gg> [#3] [h:107] Ballot, line 59: Vote: 2
[GCL]: [01:04:23.844] <76d..ew4> [#2] [h:107] Ballot, line 59: Vote: 0
[GCL]: [01:04:23.844] <5hv..njc> [#0] [h:108] Ballot, line 59: Vote: 0
[GCL]: [01:04:23.844] <2eq..r8c> [#3] [h:108] Ballot, line 59: Vote: 1
[GCL]: [01:04:23.844] <3d9..98r> [#2] [h:108] Ballot, line 59: Vote: 0
[GCL]: [01:04:23.844] <7my..1t4> [#1] [h:108] Ballot, line 59: Vote: 2
[GCL]: [01:04:23.845] <c48..wcc> [#1] [h:109] Ballot, line 59: Vote: 1
[GCL]: [01:04:23.845] <say..dg8> [#0] [h:109] Ballot, line 59: Vote: 0
[GCL]: [01:04:23.845] <xyh..71c> [#2] [h:109] Ballot, line 59: Vote: 1
[GCL]: [01:04:23.845] <xw7..nbm> [#3] [h:109] Ballot, line 59: Vote: 2
[GCL]: [01:04:23.845] <kdw..7a0> [#1] [h:110] Ballot, line 59: Vote: 2
[GCL]: [01:04:23.845] <gh9..fc0> [#3] [h:110] Ballot, line 59: Vote: 2
[GCL]: [01:04:23.845] <b92..7nr> [#0] [h:110] Ballot, line 59: Vote: 0
[GCL]: [01:04:23.845] <tjc..rcm> [#2] [h:110] Ballot, line 59: Vote: 0
[GCL]: [01:04:23.845] <dkp..9m4> [#0] [h:111] Ballot, line 59: Vote: 1
[GCL]: [01:04:23.845] <fpg..07r> [#1] [h:111] Ballot, line 59: Vote: 0
[GCL]: [01:04:23.845] <0j9..gjw> [#2] [h:111] Ballot, line 59: Vote: 1
[GCL]: [01:04:23.845] <mja..4b0> [#3] [h:111] Ballot, line 59: Vote: 0
[GCL]: [01:04:23.845] <9r2..rn0> [#1] [h:112] Ballot, line 59: Vote: 0
[GCL]: [01:04:23.845] <j5a..8x0> [#3] [h:112] Ballot, line 59: Vote: 0
[GCL]: [01:04:23.845] <tyd..bag> [#0] [h:112] Ballot, line 59: Vote: 1
[GCL]: [01:04:23.845] <r67..f4g> [#2] [h:112] Ballot, line 59: Vote: 2
[GCL]: [01:04:23.845] <hy0..st8> [#0] [h:113] Ballot, line 59: Vote: 1
[GCL]: [01:04:23.846] <dq3..keg> [#2] [h:113] Ballot, line 59: Vote: 2
[GCL]: [01:04:23.846] <8ap..57c> [#3] [h:113] Ballot, line 59: Vote: 0
[GCL]: [01:04:23.846] <14r..k2m> [#1] [h:113] Ballot, line 59: Vote: 0
[GCL]: [01:04:23.846] <jk6..ft8> [#0] [h:114] Ballot, line 59: Vote: 2
[GCL]: [01:04:23.846] <vxh..qvm> [#2] [h:114] Ballot, line 59: Vote: 2
[GCL]: [01:04:23.846] <6bv..yy0> [#1] [h:114] Ballot, line 59: Vote: 2
[GCL]: [01:04:23.846] <f52..jb4> [#3] [h:114] Ballot, line 59: Vote: 1
[GCL]: [01:04:23.846] <4jd..8n0> [#2] [h:115] Ballot, line 59: Vote: 2
[GCL]: [01:04:23.846] <djh..v2c> [#0] [h:115] Ballot, line 59: Vote: 0
[GCL]: [01:04:23.846] <gcp..qs0> [#1] [h:115] Ballot, line 59: Vote: 2
[GCL]: [01:04:23.846] <1qe..mw0> [#3] [h:115] Ballot, line 59: Vote: 2
[GCL]: [01:04:23.846] <bnz..6vg> [#0] [h:116] Ballot, line 59: Vote: 0
[GCL]: [01:04:23.846] <qqw..t58> [#2] [h:116] Ballot, line 59: Vote: 1
[GCL]: [01:04:23.846] <rb7..3dm> [#1] [h:116] Ballot, line 59: Vote: 0
[GCL]: [01:04:23.846] <s5e..nh0> [#3] [h:116] Ballot, line 59: Vote: 1
[GCL]: [01:04:23.846] <aep..fj8> [#1] [h:117] Ballot, line 59: Vote: 1
[GCL]: [01:04:23.846] <9a9..x4w> [#0] [h:117] Ballot, line 59: Vote: 0
[GCL]: [01:04:23.846] <y0k..k0c> [#3] [h:117] Ballot, line 59: Vote: 1
[GCL]: [01:04:23.846] <cbt..hdm> [#2] [h:117] Ballot, line 59: Vote: 0
[GCL]: [01:04:23.847] <306..gw4> [#1] [h:118] Ballot, line 59: Vote: 2
[GCL]: [01:04:23.847] <nsq..6n8> [#0] [h:118] Ballot, line 59: Vote: 2
[GCL]: [01:04:23.847] <ves..0hr> [#2] [h:118] Ballot, line 59: Vote: 0
[GCL]: [01:04:23.847] <qy7..9z0> [#3] [h:118] Ballot, line 59: Vote: 1
[GCL]: [01:04:23.847] <1cg..9b4> [#0] [h:119] Ballot, line 59: Vote: 1
[GCL]: [01:04:23.847] <3kr..6km> [#2] [h:119] Ballot, line 59: Vote: 0
[GCL]: [01:04:23.847] <tch..3m8> [#1] [h:119] Ballot, line 59: Vote: 1
[GCL]: [01:04:23.847] <mh0..1xr> [#3] [h:119] Ballot, line 59: Vote: 0
[GCL]: [01:04:23.847] <7fn..zdc> [#2] [h:120] Ballot, line 59: Vote: 1
[GCL]: [01:04:23.847] <am6..9y4> [#1] [h:120] Ballot, line 59: Vote: 1
[GCL]: [01:04:23.847] <6mh..13r> [#3] [h:120] Ballot, line 59: Vote: 0
[GCL]: [01:04:23.847] <zdn..v2g> [#0] [h:120] Ballot, line 59: Vote: 1
[GCL]: [01:04:23.847] <cdg..v2m> [#1] [h:121] Ballot, line 59: Vote: 0
[GCL]: [01:04:23.847] <f3m..51m> [#3] [h:121] Ballot, line 59: Vote: 0
[GCL]: [01:04:23.847] <1be..hs4> [#0] [h:121] Ballot, line 59: Vote: 1
[GCL]: [01:04:23.847] <yxf..mt4> [#2] [h:121] Ballot, line 59: Vote: 1
[GCL]: [01:04:23.847] <cs5..5zm> [#0] [h:122] Ballot, line 59: Vote: 1
[GCL]: [01:04:23.847] <3q3..8ar> [#3] [h:122] Ballot, line 59: Vote: 2
[GCL]: [01:04:23.848] <a9n..je4> [#1] [h:122] Ballot, line 59: Vote: 0
[GCL]: [01:04:23.847] <36t..fpm> [#2] [h:122] Ballot, line 59: Vote: 1
[GCL]: [01:04:23.848] <w1v..a4r> [#0] [h:123] Ballot, line 59: Vote: 0
[GCL]: [01:04:23.848] <6f7..qfw> [#3] [h:123] Ballot, line 59: Vote: 1
[GCL]: [01:04:23.848] <j82..xd4> [#2] [h:123] Ballot, line 59: Vote: 0
[GCL]: [01:04:23.848] <kax..g6g> [#1] [h:123] Ballot, line 59: Vote: 1
[GCL]: [01:04:23.939] <b7n..cf4> [#1] [h:124] Ballot, line 59: Vote: 0
[GCL]: [01:04:23.939] <xzg..sqc> [#2] [h:124] Ballot, line 59: Vote: 0
[GCL]: [01:04:23.939] <ztn..ft8> [#0] [h:124] Ballot, line 59: Vote: 1
[GCL]: [01:04:23.940] <941..0pm> [#3] [h:124] Ballot, line 59: Vote: 1
[GCL]: [01:04:23.940] <482..2pw> [#0] [h:125] Ballot, line 59: Vote: 1
[GCL]: [01:04:23.940] <87t..pxw> [#2] [h:125] Ballot, line 59: Vote: 1
[GCL]: [01:04:23.940] <gw3..d8m> [#1] [h:125] Ballot, line 59: Vote: 2
[GCL]: [01:04:23.940] <zbf..nc8> [#3] [h:125] Ballot, line 59: Vote: 0
[GCL]: [01:04:23.940] <zm0..8z0> [#1] [h:126] Ballot, line 59: Vote: 1
[GCL]: [01:04:23.940] <jzq..y04> [#3] [h:126] Ballot, line 59: Vote: 1
[GCL]: [01:04:23.940] <fh2..fv8> [#0] [h:126] Ballot, line 59: Vote: 0
[GCL]: [01:04:23.940] <e2a..n24> [#2] [h:126] Ballot, line 59: Vote: 2
[GCL]: [01:04:23.940] <x0j..2kg> [#3] [h:127] Ballot, line 59: Vote: 1
[GCL]: [01:04:23.940] <961..3fg> [#0] [h:127] Ballot, line 59: Vote: 0
[GCL]: [01:04:23.940] <d7s..08g> [#2] [h:127] Ballot, line 59: Vote: 0
[GCL]: [01:04:23.941] <7nm..e1c> [#1] [h:127] Ballot, line 59: Vote: 1
[GCL]: [01:04:23.941] <7sq..15w> [#1] [h:128] Ballot, line 59: Vote: 0
[GCL]: [01:04:23.941] <pb9..9bc> [#3] [h:128] Ballot, line 59: Vote: 0
[GCL]: [01:04:23.941] <eky..tdm> [#2] [h:128] Ballot, line 59: Vote: 1
[GCL]: [01:04:23.941] <zhk..ymm> [#0] [h:128] Ballot, line 59: Vote: 2
[GCL]: [01:04:23.941] <2jk..1ec> [#0] [h:129] Ballot, line 59: Vote: 2
[GCL]: [01:04:23.941] <t2a..33c> [#2] [h:129] Ballot, line 59: Vote: 0
[GCL]: [01:04:23.941] <7sk..0w4> [#1] [h:129] Ballot, line 59: Vote: 2
[GCL]: [01:04:23.941] <cxb..gq8> [#3] [h:129] Ballot, line 59: Vote: 1
[GCL]: [01:04:23.941] <wg5..5h0> [#0] [h:130] Ballot, line 59: Vote: 0
[GCL]: [01:04:23.941] <73q..d3w> [#2] [h:130] Ballot, line 59: Vote: 1
[GCL]: [01:04:23.941] <8cp..az0> [#1] [h:130] Ballot, line 59: Vote: 1
[GCL]: [01:04:23.941] <zxf..55m> [#3] [h:130] Ballot, line 59: Vote: 0
[GCL]: [01:04:23.941] <vrc..c7w> [#1] [h:131] Ballot, line 59: Vote: 1
[GCL]: [01:04:23.942] <77c..acg> [#2] [h:131] Ballot, line 59: Vote: 0
[GCL]: [01:04:23.942] <k4k..atr> [#3] [h:131] Ballot, line 59: Vote: 2
[GCL]: [01:04:23.942] <rnr..pbw> [#0] [h:131] Ballot, line 59: Vote: 1
[GCL]: [01:04:23.942] <wq3..jr4> [#0] [h:132] Ballot, line 59: Vote: 2
[GCL]: [01:04:23.942] <hg9..xd4> [#3] [h:132] Ballot, line 59: Vote: 0
[GCL]: [01:04:23.942] <fzv..gyc> [#2] [h:132] Ballot, line 59: Vote: 1
[GCL]: [01:04:23.942] <5qj..xvr> [#1] [h:132] Ballot, line 59: Vote: 0
[GCL]: [01:04:23.943] <bg5..zfm> [#3] [h:133] Ballot, line 59: Vote: 1
[GCL]: [01:04:23.943] <0fv..7gc> [#1] [h:133] Ballot, line 59: Vote: 0
[GCL]: [01:04:23.943] <x84..k88> [#0] [h:133] Ballot, line 59: Vote: 2
[GCL]: [01:04:23.943] <wsz..mj0> [#2] [h:133] Ballot, line 59: Vote: 2
[GCL]: [01:04:23.943] <xk0..thg> [#3] [h:134] Ballot, line 59: Vote: 2
[GCL]: [01:04:23.943] <v54..0zw> [#1] [h:134] Ballot, line 59: Vote: 1
[GCL]: [01:04:23.943] <sa7..x5r> [#0] [h:134] Ballot, line 59: Vote: 1
[GCL]: [01:04:23.943] <3mn..e74> [#2] [h:134] Ballot, line 59: Vote: 1
[GCL]: [01:04:23.943] <ha0..34r> [#2] [h:135] Ballot, line 59: Vote: 0
[GCL]: [01:04:23.943] <qh8..nz4> [#3] [h:135] Ballot, line 59: Vote: 0
[GCL]: [01:04:23.943] <49w..0tw> [#0] [h:135] Ballot, line 59: Vote: 2
[GCL]: [01:04:23.943] <9ft..h8r> [#1] [h:135] Ballot, line 59: Vote: 2
[GCL]: [01:04:23.944] <qz7..c9g> [#0] [h:136] Ballot, line 59: Vote: 1
[GCL]: [01:04:23.944] <7sj..9p8> [#3] [h:136] Ballot, line 59: Vote: 2
[GCL]: [01:04:23.944] <a0g..bv4> [#1] [h:136] Ballot, line 59: Vote: 1
[GCL]: [01:04:23.944] <96v..v7w> [#2] [h:136] Ballot, line 59: Vote: 2
[GCL]: [01:04:23.944] <2cm..jmm> [#0] [h:137] Ballot, line 59: Vote: 1
[GCL]: [01:04:23.944] <pz5..ewm> [#2] [h:137] Ballot, line 59: Vote: 0
[GCL]: [01:04:23.944] <ybd..zy4> [#3] [h:137] Ballot, line 59: Vote: 2
[GCL]: [01:04:23.944] <se6..krc> [#1] [h:137] Ballot, line 59: Vote: 1
[GCL]: [01:04:23.944] <gw7..1bm> [#0] [h:138] Ballot, line 59: Vote: 0
[GCL]: [01:04:23.944] <122..8e4> [#3] [h:138] Ballot, line 59: Vote: 2
[GCL]: [01:04:23.944] <w89..qp8> [#2] [h:138] Ballot, line 59: Vote: 1
[GCL]: [01:04:23.944] <011..7v0> [#1] [h:138] Ballot, line 59: Vote: 0
[GCL]: [01:04:23.945] <pbf..9w4> [#0] [h:139] Ballot, line 59: Vote: 0
[GCL]: [01:04:23.945] <ns1..fx4> [#1] [h:139] Ballot, line 59: Vote: 2
[GCL]: [01:04:23.945] <88m..3ar> [#3] [h:139] Ballot, line 59: Vote: 1
[GCL]: [01:04:23.945] <23q..vmm> [#2] [h:139] Ballot, line 59: Vote: 2
[GCL]: [01:04:23.945] <wa0..y5g> [#2] [h:140] Ballot, line 59: Vote: 0
[GCL]: [01:04:23.945] <yfz..a58> [#1] [h:140] Ballot, line 59: Vote: 0
[GCL]: [01:04:23.945] <2ts..4dr> [#3] [h:140] Ballot, line 59: Vote: 0
[GCL]: [01:04:23.945] <gc6..8fr> [#0] [h:140] Ballot, line 59: Vote: 0
[GCL]: [01:04:23.945] <dhw..zew> [#3] [h:141] Ballot, line 59: Vote: 2
[GCL]: [01:04:23.945] <dn8..p7g> [#1] [h:141] Ballot, line 59: Vote: 0
[GCL]: [01:04:23.945] <9nw..8hm> [#0] [h:141] Ballot, line 59: Vote: 2
[GCL]: [01:04:23.945] <57w..vqg> [#2] [h:141] Ballot, line 59: Vote: 2
[GCL]: [01:04:23.945] <0pj..b0m> [#0] [h:142] Ballot, line 59: Vote: 1
[GCL]: [01:04:23.945] <qk9..8cr> [#3] [h:142] Ballot, line 59: Vote: 0
[GCL]: [01:04:23.945] <5vw..0y0> [#2] [h:142] Ballot, line 59: Vote: 0
[GCL]: [01:04:23.945] <1cx..ka0> [#1] [h:142] Ballot, line 59: Vote: 2
[GCL]: [01:04:23.946] <q2f..0rc> [#3] [h:143] Ballot, line 59: Vote: 1
[GCL]: [01:04:23.946] <c3v..60w> [#1] [h:143] Ballot, line 59: Vote: 1
[GCL]: [01:04:23.946] <10d..bw0> [#0] [h:143] Ballot, line 59: Vote: 0
[GCL]: [01:04:23.946] <vgp..3ag> [#2] [h:143] Ballot, line 59: Vote: 2
[GCL]: [01:04:23.946] <3h2..y88> [#2] [h:144] Ballot, line 59: Vote: 1
[GCL]: [01:04:23.946] <gzc..4yr> [#0] [h:144] Ballot, line 59: Vote: 1
[GCL]: [01:04:23.946] <gs6..cz8> [#1] [h:144] Ballot, line 59: Vote: 1
[GCL]: [01:04:23.946] <cwe..rbr> [#3] [h:144] Ballot, line 59: Vote: 1
[GCL]: [01:04:23.946] <hvw..630> [#1] [h:145] Ballot, line 59: Vote: 0
[GCL]: [01:04:23.946] <gw8..gd4> [#3] [h:145] Ballot, line 59: Vote: 1
[GCL]: [01:04:23.946] <kcg..kn8> [#2] [h:145] Ballot, line 59: Vote: 1
[GCL]: [01:04:23.946] <r8f..g14> [#0] [h:145] Ballot, line 59: Vote: 1
[GCL]: [01:04:23.946] <zsx..agg> [#3] [h:146] Ballot, line 59: Vote: 2
[GCL]: [01:04:23.946] <8yt..tvg> [#0] [h:146] Ballot, line 59: Vote: 1
[GCL]: [01:04:23.946] <fxh..m24> [#2] [h:146] Ballot, line 59: Vote: 2
[GCL]: [01:04:23.946] <qpm..7dm> [#1] [h:146] Ballot, line 59: Vote: 0
[GCL]: [01:04:23.947] <vy1..7d4> [#0] [h:147] Ballot, line 59: Vote: 2
[GCL]: [01:04:23.947] <5a2..rcm> [#2] [h:147] Ballot, line 59: Vote: 1
[GCL]: [01:04:23.947] <ptx..fdc> [#1] [h:147] Ballot, line 59: Vote: 0
[GCL]: [01:04:23.947] <3g2..1sg> [#3] [h:147] Ballot, line 59: Vote: 0
[GCL]: [01:04:23.947] <px5..fwm> [#0] [h:148] Ballot, line 59: Vote: 2
[GCL]: [01:04:23.947] <11k..wc0> [#3] [h:148] Ballot, line 59: Vote: 0
[GCL]: [01:04:23.947] <gbm..r44> [#2] [h:148] Ballot, line 59: Vote: 2
[GCL]: [01:04:23.947] <g79..y5c> [#1] [h:148] Ballot, line 59: Vote: 1
[GCL]: [01:04:23.947] <c30..37r> [#2] [h:149] Ballot, line 59: Vote: 1
[GCL]: [01:04:23.947] <ys1..r14> [#0] [h:149] Ballot, line 59: Vote: 0
[GCL]: [01:04:23.947] <dym..dhw> [#1] [h:149] Ballot, line 59: Vote: 1
[GCL]: [01:04:23.947] <7w2..59g> [#3] [h:149] Ballot, line 59: Vote: 1
[GCL]: [01:04:23.947] <50a..pmc> [#2] [h:150] Ballot, line 59: Vote: 0
[GCL]: [01:04:23.947] <807..5e4> [#1] [h:150] Ballot, line 59: Vote: 1
[GCL]: [01:04:23.947] <w3t..82r> [#0] [h:150] Ballot, line 59: Vote: 0
[GCL]: [01:04:23.947] <q2g..17c> [#3] [h:150] Ballot, line 59: Vote: 0
[GCL]: [01:04:23.948] <xgd..0zw> [#2] [h:151] Ballot, line 59: Vote: 2
[GCL]: [01:04:23.948] <rpk..dqr> [#0] [h:151] Ballot, line 59: Vote: 1
[GCL]: [01:04:23.948] <v0m..4dm> [#1] [h:151] Ballot, line 59: Vote: 2
[GCL]: [01:04:23.948] <3cf..zsw> [#3] [h:151] Ballot, line 59: Vote: 1
[GCL]: [01:04:23.948] <gez..kdg> [#0] [h:152] Ballot, line 59: Vote: 2
[GCL]: [01:04:23.948] <3p9..s54> [#1] [h:152] Ballot, line 59: Vote: 0
[GCL]: [01:04:23.948] <hch..0j4> [#3] [h:152] Ballot, line 59: Vote: 0
[GCL]: [01:04:24.039] <qbm..y00> [#2] [h:152] Ballot, line 59: Vote: 1
[GCL]: [01:04:24.040] <ta3..ec4> [#1] [h:153] Ballot, line 59: Vote: 2
[GCL]: [01:04:24.040] <e68..wrw> [#0] [h:153] Ballot, line 59: Vote: 1
[GCL]: [01:04:24.040] <13y..ymr> [#3] [h:153] Ballot, line 59: Vote: 2
[GCL]: [01:04:24.040] <0rg..gkg> [#2] [h:153] Ballot, line 59: Vote: 1
[GCL]: [01:04:24.040] <spj..ebc> [#1] [h:154] Ballot, line 59: Vote: 0
[GCL]: [01:04:24.040] <4fn..6tw> [#2] [h:154] Ballot, line 59: Vote: 1
[GCL]: [01:04:24.040] <bng..32m> [#3] [h:154] Ballot, line 59: Vote: 2
[GCL]: [01:04:24.040] <6ft..494> [#0] [h:154] Ballot, line 59: Vote: 0
[GCL]: [01:04:24.040] <zfs..1wg> [#0] [h:155] Ballot, line 59: Vote: 0
[GCL]: [01:04:24.040] <zt2..9b0> [#1] [h:155] Ballot, line 59: Vote: 2
[GCL]: [01:04:24.040] <1z5..dqg> [#2] [h:155] Ballot, line 59: Vote: 0
[GCL]: [01:04:24.040] <eph..b34> [#3] [h:155] Ballot, line 59: Vote: 2
[GCL]: [01:04:24.041] <wtd..54g> [#0] [h:156] Ballot, line 59: Vote: 2
[GCL]: [01:04:24.041] <e5a..g1m> [#3] [h:156] Ballot, line 59: Vote: 0
[GCL]: [01:04:24.041] <1kf..zz0> [#2] [h:156] Ballot, line 59: Vote: 1
[GCL]: [01:04:24.041] <s7n..nkc> [#1] [h:156] Ballot, line 59: Vote: 2
[GCL]: [01:04:24.041] <fkc..7v8> [#1] [h:157] Ballot, line 59: Vote: 2
[GCL]: [01:04:24.041] <aqk..gv8> [#2] [h:157] Ballot, line 59: Vote: 0
[GCL]: [01:04:24.041] <tvw..a3c> [#3] [h:157] Ballot, line 59: Vote: 2
[GCL]: [01:04:24.041] <wjx..j2r> [#0] [h:157] Ballot, line 59: Vote: 0
[GCL]: [01:04:24.041] <eg8..2xm> [#0] [h:158] Ballot, line 59: Vote: 1
[GCL]: [01:04:24.041] <jda..j3m> [#1] [h:158] Ballot, line 59: Vote: 0
[GCL]: [01:04:24.041] <fe1..hew> [#2] [h:158] Ballot, line 59: Vote: 0
[GCL]: [01:04:24.042] <kt4..rtg> [#3] [h:158] Ballot, line 59: Vote: 1
[GCL]: [01:04:24.042] <dm3..v58> [#3] [h:159] Ballot, line 59: Vote: 1
[GCL]: [01:04:24.042] <ymp..b54> [#2] [h:159] Ballot, line 59: Vote: 2
[GCL]: [01:04:24.042] <mmx..a6g> [#0] [h:159] Ballot, line 59: Vote: 1
[GCL]: [01:04:24.042] <drn..1mr> [#1] [h:159] Ballot, line 59: Vote: 0
[GCL]: [01:04:24.042] <kbj..404> [#0] [h:160] Ballot, line 59: Vote: 0
[GCL]: [01:04:24.042] <704..6rw> [#1] [h:160] Ballot, line 59: Vote: 1
[GCL]: [01:04:24.042] <wx7..whc> [#3] [h:160] Ballot, line 59: Vote: 2
[GCL]: [01:04:24.042] <w5w..pew> [#2] [h:160] Ballot, line 59: Vote: 1
[GCL]: [01:04:24.042] <nt8..rgc> [#1] [h:161] Ballot, line 59: Vote: 0
[GCL]: [01:04:24.042] <tsx..sc4> [#0] [h:161] Ballot, line 59: Vote: 0
[GCL]: [01:04:24.042] <gs9..yym> [#2] [h:161] Ballot, line 59: Vote: 0
[GCL]: [01:04:24.042] <r61..tyw> [#3] [h:161] Ballot, line 59: Vote: 1
[GCL]: [01:04:24.043] <qvc..t6c> [#2] [h:162] Ballot, line 59: Vote: 0
[GCL]: [01:04:24.043] <c6y..vmc> [#3] [h:162] Ballot, line 59: Vote: 2
[GCL]: [01:04:24.043] <kg6..sx4> [#0] [h:162] Ballot, line 59: Vote: 0
[GCL]: [01:04:24.043] <0yw..z5r> [#1] [h:162] Ballot, line 59: Vote: 0
[GCL]: [01:04:24.043] <brk..jxr> [#3] [h:163] Ballot, line 59: Vote: 0
[GCL]: [01:04:24.043] <pff..jy4> [#2] [h:163] Ballot, line 59: Vote: 1
[GCL]: [01:04:24.043] <9sp..7bc> [#1] [h:163] Ballot, line 59: Vote: 0
[GCL]: [01:04:24.043] <vf7..v14> [#0] [h:163] Ballot, line 59: Vote: 1
[GCL]: [01:04:24.043] <dev..x0w> [#0] [h:164] Ballot, line 59: Vote: 0
[GCL]: [01:04:24.043] <r6f..x7g> [#1] [h:164] Ballot, line 59: Vote: 0
[GCL]: [01:04:24.043] <sbs..0ng> [#2] [h:164] Ballot, line 59: Vote: 0
[GCL]: [01:04:24.043] <syv..6f0> [#3] [h:164] Ballot, line 59: Vote: 1
[GCL]: [01:04:24.043] <er6..798> [#3] [h:165] Ballot, line 59: Vote: 2
[GCL]: [01:04:24.043] <wzt..xhc> [#2] [h:165] Ballot, line 59: Vote: 1
[GCL]: [01:04:24.043] <n82..pe8> [#1] [h:165] Ballot, line 59: Vote: 1
[GCL]: [01:04:24.043] <dvv..wc8> [#0] [h:165] Ballot, line 59: Vote: 0
[GCL]: [01:04:24.043] <1zh..hp8> [#0] [h:166] Ballot, line 59: Vote: 1
[GCL]: [01:04:24.043] <wvm..7jm> [#2] [h:166] Ballot, line 59: Vote: 2
[GCL]: [01:04:24.044] <6tf..w3m> [#3] [h:166] Ballot, line 59: Vote: 0
[GCL]: [01:04:24.044] <g4s..wz8> [#1] [h:166] Ballot, line 59: Vote: 2
[GCL]: [01:04:24.044] <gp8..bar> [#0] [h:167] Ballot, line 59: Vote: 0
[GCL]: [01:04:24.044] <2v5..t1r> [#3] [h:167] Ballot, line 59: Vote: 2
[GCL]: [01:04:24.044] <scs..3gc> [#2] [h:167] Ballot, line 59: Vote: 2
[GCL]: [01:04:24.044] <73h..5vg> [#1] [h:167] Ballot, line 59: Vote: 1
[GCL]: [01:04:24.044] <2db..qzc> [#1] [h:168] Ballot, line 59: Vote: 0
[GCL]: [01:04:24.044] <gvw..e6r> [#3] [h:168] Ballot, line 59: Vote: 2
[GCL]: [01:04:24.044] <v48..6fr> [#0] [h:168] Ballot, line 59: Vote: 2
[GCL]: [01:04:24.044] <msa..mvc> [#2] [h:168] Ballot, line 59: Vote: 0
[GCL]: [01:04:24.044] <82m..xec> [#0] [h:169] Ballot, line 59: Vote: 2
[GCL]: [01:04:24.044] <3ef..0qg> [#3] [h:169] Ballot, line 59: Vote: 2
[GCL]: [01:04:24.044] <wr7..br4> [#2] [h:169] Ballot, line 59: Vote: 2
[GCL]: [01:04:24.044] <417..b5w> [#1] [h:169] Ballot, line 59: Vote: 2
[GCL]: [01:04:24.045] <k58..xt0> [#3] [h:170] Ballot, line 59: Vote: 2
[GCL]: [01:04:24.045] <jjn..tm4> [#1] [h:170] Ballot, line 59: Vote: 0
[GCL]: [01:04:24.045] <nhz..2j8> [#2] [h:170] Ballot, line 59: Vote: 0
[GCL]: [01:04:24.045] <tka..6zr> [#0] [h:170] Ballot, line 59: Vote: 0
[GCL]: [01:04:24.045] <q4z..hm4> [#3] [h:171] Ballot, line 59: Vote: 2
[GCL]: [01:04:24.045] <qvk..d5g> [#1] [h:171] Ballot, line 59: Vote: 0
[GCL]: [01:04:24.045] <090..xt8> [#0] [h:171] Ballot, line 59: Vote: 2
[GCL]: [01:04:24.045] <39m..zyg> [#2] [h:171] Ballot, line 59: Vote: 1
[GCL]: [01:04:24.045] <7y7..jar> [#3] [h:172] Ballot, line 59: Vote: 2
[GCL]: [01:04:24.045] <sj9..j58> [#1] [h:172] Ballot, line 59: Vote: 2
[GCL]: [01:04:24.045] <9dw..11r> [#0] [h:172] Ballot, line 59: Vote: 0
[GCL]: [01:04:24.045] <wth..h30> [#2] [h:172] Ballot, line 59: Vote: 0
[GCL]: [01:04:24.045] <1fn..5s4> [#3] [h:173] Ballot, line 59: Vote: 0
[GCL]: [01:04:24.045] <9fa..h24> [#0] [h:173] Ballot, line 59: Vote: 2
[GCL]: [01:04:24.046] <nv1..dzg> [#2] [h:173] Ballot, line 59: Vote: 2
[GCL]: [01:04:24.046] <cps..x60> [#1] [h:173] Ballot, line 59: Vote: 1
[GCL]: [01:04:24.046] <rxd..5e4> [#3] [h:174] Ballot, line 59: Vote: 2
[GCL]: [01:04:24.046] <m8w..8pw> [#2] [h:174] Ballot, line 59: Vote: 1
[GCL]: [01:04:24.046] <p0j..2e8> [#0] [h:174] Ballot, line 59: Vote: 2
[GCL]: [01:04:24.046] <84e..htg> [#1] [h:174] Ballot, line 59: Vote: 0
[GCL]: [01:04:24.046] <t6k..7kg> [#0] [h:175] Ballot, line 59: Vote: 2
[GCL]: [01:04:24.046] <2s2..49m> [#1] [h:175] Ballot, line 59: Vote: 0
[GCL]: [01:04:24.046] <kk6..kjr> [#3] [h:175] Ballot, line 59: Vote: 0
[GCL]: [01:04:24.046] <rdb..37c> [#2] [h:175] Ballot, line 59: Vote: 0
[GCL]: [01:04:24.046] <a0p..qar> [#0] [h:176] Ballot, line 59: Vote: 0
[GCL]: [01:04:24.046] <re1..qdg> [#3] [h:176] Ballot, line 59: Vote: 1
[GCL]: [01:04:24.046] <s15..pp8> [#1] [h:176] Ballot, line 59: Vote: 0
[GCL]: [01:04:24.046] <jrf..9ew> [#2] [h:176] Ballot, line 59: Vote: 0
[GCL]: [01:04:24.046] <fma..ygg> [#0] [h:177] Ballot, line 59: Vote: 0
[GCL]: [01:04:24.046] <hyj..j0g> [#1] [h:177] Ballot, line 59: Vote: 0
[GCL]: [01:04:24.046] <bd2..84w> [#2] [h:177] Ballot, line 59: Vote: 0
[GCL]: [01:04:24.046] <n3k..wq0> [#3] [h:177] Ballot, line 59: Vote: 0
[GCL]: [01:04:24.047] <48s..jym> [#1] [h:178] Ballot, line 59: Vote: 0
[GCL]: [01:04:24.047] <pfv..zpw> [#0] [h:178] Ballot, line 59: Vote: 0
[GCL]: [01:04:24.047] <5hr..bww> [#3] [h:178] Ballot, line 59: Vote: 1
[GCL]: [01:04:24.047] <ymw..730> [#2] [h:178] Ballot, line 59: Vote: 1
[GCL]: [01:04:24.047] <k5y..rgg> [#1] [h:179] Ballot, line 59: Vote: 1
[GCL]: [01:04:24.047] <tx6..rmg> [#2] [h:179] Ballot, line 59: Vote: 0
[GCL]: [01:04:24.047] <9w5..s7c> [#0] [h:179] Ballot, line 59: Vote: 1
[GCL]: [01:04:24.047] <nsa..b58> [#3] [h:179] Ballot, line 59: Vote: 1
[GCL]: [01:04:24.047] <9kc..6hr> [#1] [h:180] Ballot, line 59: Vote: 1
[GCL]: [01:04:24.047] <43e..whc> [#0] [h:180] Ballot, line 59: Vote: 0
[GCL]: [01:04:24.047] <297..wc8> [#2] [h:180] Ballot, line 59: Vote: 2
[GCL]: [01:04:24.047] <4ma..m5m> [#3] [h:180] Ballot, line 59: Vote: 1
[GCL]: [01:04:24.047] <xd6..px8> [#2] [h:181] Ballot, line 59: Vote: 2
[GCL]: [01:04:24.047] <kzc..chg> [#3] [h:181] Ballot, line 59: Vote: 2
[GCL]: [01:04:24.047] <anz..z9c> [#1] [h:181] Ballot, line 59: Vote: 2
[GCL]: [01:04:24.047] <w1c..agg> [#0] [h:181] Ballot, line 59: Vote: 1
[GCL]: [01:04:24.047] <r02..97w> [#1] [h:182] Ballot, line 59: Vote: 2
[GCL]: [01:04:24.047] <816..vnm> [#3] [h:182] Ballot, line 59: Vote: 0
[GCL]: [01:04:24.047] <88b..6bw> [#0] [h:182] Ballot, line 59: Vote: 0
[GCL]: [01:04:24.047] <khh..940> [#2] [h:182] Ballot, line 59: Vote: 0
[GCL]: [01:04:24.048] <0h7..bww> [#1] [h:183] Ballot, line 59: Vote: 2
[GCL]: [01:04:24.048] <dgm..zv0> [#3] [h:183] Ballot, line 59: Vote: 0
[GCL]: [01:04:24.048] <68n..rxc> [#2] [h:183] Ballot, line 59: Vote: 0
[GCL]: [01:04:24.139] <4kh..74g> [#0] [h:183] Ballot, line 59: Vote: 0
[GCL]: [01:04:24.140] <t65..tz8> [#0] [h:184] Ballot, line 59: Vote: 1
[GCL]: [01:04:24.140] <nba..scr> [#3] [h:184] Ballot, line 59: Vote: 2
[GCL]: [01:04:24.140] <17z..v20> [#2] [h:184] Ballot, line 59: Vote: 2
[GCL]: [01:04:24.140] <7ks..t5r> [#1] [h:184] Ballot, line 59: Vote: 2
[GCL]: [01:04:24.140] <hke..56r> [#3] [h:185] Ballot, line 59: Vote: 1
[GCL]: [01:04:24.140] <pm7..st0> [#0] [h:185] Ballot, line 59: Vote: 0
[GCL]: [01:04:24.140] <c7k..5q8> [#2] [h:185] Ballot, line 59: Vote: 2
[GCL]: [01:04:24.140] <b80..h64> [#1] [h:185] Ballot, line 59: Vote: 1
[GCL]: [01:04:24.140] <173..8bc> [#1] [h:186] Ballot, line 59: Vote: 1
[GCL]: [01:04:24.140] <wy7..gx4> [#2] [h:186] Ballot, line 59: Vote: 1
[GCL]: [01:04:24.140] <q7f..yn0> [#3] [h:186] Ballot, line 59: Vote: 0
[GCL]: [01:04:24.140] <93q..t40> [#0] [h:186] Ballot, line 59: Vote: 0
[GCL]: [01:04:24.140] <x6f..akg> [#0] [h:187] Ballot, line 59: Vote: 1
[GCL]: [01:04:24.141] <exs..y8w> [#3] [h:187] Ballot, line 59: Vote: 2
[GCL]: [01:04:24.141] <wp7..ngw> [#1] [h:187] Ballot, line 59: Vote: 1
[GCL]: [01:04:24.141] <5w7..90w> [#2] [h:187] Ballot, line 59: Vote: 2
[GCL]: [01:04:24.141] <r3r..kec> [#0] [h:188] Ballot, line 59: Vote: 1
[GCL]: [01:04:24.141] <6e4..vsr> [#2] [h:188] Ballot, line 59: Vote: 1
[GCL]: [01:04:24.141] <7zn..qq8> [#3] [h:188] Ballot, line 59: Vote: 0
[GCL]: [01:04:24.141] <4e2..mgr> [#1] [h:188] Ballot, line 59: Vote: 0
[GCL]: [01:04:24.141] <bxh..sk4> [#3] [h:189] Ballot, line 59: Vote: 2
[GCL]: [01:04:24.141] <e8j..vmw> [#2] [h:189] Ballot, line 59: Vote: 2
[GCL]: [01:04:24.141] <1ap..s2g> [#0] [h:189] Ballot, line 59: Vote: 2
[GCL]: [01:04:24.141] <dyc..qsg> [#1] [h:189] Ballot, line 59: Vote: 1
[GCL]: [01:04:24.141] <gga..5xm> [#0] [h:190] Ballot, line 59: Vote: 0
[GCL]: [01:04:24.141] <sba..wgr> [#2] [h:190] Ballot, line 59: Vote: 0
[GCL]: [01:04:24.142] <kb8..cf8> [#1] [h:190] Ballot, line 59: Vote: 0
[GCL]: [01:04:24.142] <j44..nrr> [#3] [h:190] Ballot, line 59: Vote: 1
[GCL]: [01:04:24.142] <kd0..pgr> [#0] [h:191] Ballot, line 59: Vote: 0
[GCL]: [01:04:24.142] <grh..d6m> [#1] [h:191] Ballot, line 59: Vote: 2
[GCL]: [01:04:24.142] <v51..s9r> [#2] [h:191] Ballot, line 59: Vote: 1
[GCL]: [01:04:24.142] <qdd..ax8> [#3] [h:191] Ballot, line 59: Vote: 1
[GCL]: [01:04:24.142] <z43..16r> [#0] [h:192] Ballot, line 59: Vote: 1
[GCL]: [01:04:24.142] <myf..t8c> [#1] [h:192] Ballot, line 59: Vote: 1
[GCL]: [01:04:24.142] <mdm..ksg> [#3] [h:192] Ballot, line 59: Vote: 2
[GCL]: [01:04:24.142] <yad..vzc> [#2] [h:192] Ballot, line 59: Vote: 0
[GCL]: [01:04:24.142] <btk..2s4> [#0] [h:193] Ballot, line 59: Vote: 1
[GCL]: [01:04:24.142] <hpb..mb8> [#3] [h:193] Ballot, line 59: Vote: 2
[GCL]: [01:04:24.142] <rx4..phg> [#1] [h:193] Ballot, line 59: Vote: 1
[GCL]: [01:04:24.143] <9d2..rng> [#2] [h:193] Ballot, line 59: Vote: 1
[GCL]: [01:04:24.143] <yr7..9nr> [#0] [h:194] Ballot, line 59: Vote: 1
[GCL]: [01:04:24.143] <100..knm> [#3] [h:194] Ballot, line 59: Vote: 0
[GCL]: [01:04:24.143] <nz7..74r> [#2] [h:194] Ballot, line 59: Vote: 1
[GCL]: [01:04:24.143] <8b9..csc> [#1] [h:194] Ballot, line 59: Vote: 1
[GCL]: [01:04:24.143] <nwq..8k0> [#0] [h:195] Ballot, line 59: Vote: 0
[GCL]: [01:04:24.143] <j64..hvg> [#3] [h:195] Ballot, line 59: Vote: 0
[GCL]: [01:04:24.143] <mwx..kw0> [#2] [h:195] Ballot, line 59: Vote: 2
[GCL]: [01:04:24.143] <vq7..nkg> [#1] [h:195] Ballot, line 59: Vote: 1
[GCL]: [01:04:24.143] <6rq..4qr> [#0] [h:196] Ballot, line 59: Vote: 2
[GCL]: [01:04:24.143] <hf8..qt0> [#1] [h:196] Ballot, line 59: Vote: 2
[GCL]: [01:04:24.143] <hdc..e14> [#2] [h:196] Ballot, line 59: Vote: 2
[GCL]: [01:04:24.143] <4z8..h64> [#3] [h:196] Ballot, line 59: Vote: 0
[GCL]: [01:04:24.143] <2fc..y6g> [#1] [h:197] Ballot, line 59: Vote: 0
[GCL]: [01:04:24.143] <y5r..teg> [#0] [h:197] Ballot, line 59: Vote: 2
[GCL]: [01:04:24.143] <rgz..5kc> [#3] [h:197] Ballot, line 59: Vote: 2
[GCL]: [01:04:24.144] <tjy..dpw> [#2] [h:197] Ballot, line 59: Vote: 2
[GCL]: [01:04:24.144] <h5e..sb0> [#0] [h:198] Ballot, line 59: Vote: 0
[GCL]: [01:04:24.144] <rkx..bym> [#2] [h:198] Ballot, line 59: Vote: 2
[GCL]: [01:04:24.144] <705..4sc> [#1] [h:198] Ballot, line 59: Vote: 1
[GCL]: [01:04:24.144] <f6x..fy4> [#3] [h:198] Ballot, line 59: Vote: 0
[GCL]: [01:04:24.144] <424..4wg> [#2] [h:199] Ballot, line 59: Vote: 0
[GCL]: [01:04:24.144] <zg2..5f8> [#0] [h:199] Ballot, line 59: Vote: 1
[GCL]: [01:04:24.144] <e92..vz8> [#3] [h:199] Ballot, line 59: Vote: 0
[GCL]: [01:04:24.144] <767..tm4> [#1] [h:199] Ballot, line 59: Vote: 2
[GCL]: [01:04:24.144] <mjg..4wr> [#1] [h:200] Ballot, line 59: Vote: 2
[GCL]: [01:04:24.144] <epx..n1w> [#0] [h:200] Ballot, line 59: Vote: 2
[GCL]: [01:04:24.144] <gzd..mcm> [#3] [h:200] Ballot, line 59: Vote: 0
[GCL]: [01:04:24.144] <67v..3tm> [#2] [h:200] Ballot, line 59: Vote: 0
[GCL]: [01:04:24.144] <xkf..zbr> [#3] [h:201] Ballot, line 59: Vote: 0
[GCL]: [01:04:24.144] <3a8..70c> [#0] [h:201] Ballot, line 59: Vote: 0
[GCL]: [01:04:24.144] <jfd..c80> [#2] [h:201] Ballot, line 59: Vote: 1
[GCL]: [01:04:24.144] <mvx..6t0> [#1] [h:201] Ballot, line 59: Vote: 0
[GCL]: [01:04:24.145] <pfm..rz4> [#3] [h:202] Ballot, line 59: Vote: 2
[GCL]: [01:04:24.145] <9gz..2x0> [#1] [h:202] Ballot, line 59: Vote: 2
[GCL]: [01:04:24.145] <y90..pq8> [#0] [h:202] Ballot, line 59: Vote: 1
[GCL]: [01:04:24.145] <80k..5dw> [#2] [h:202] Ballot, line 59: Vote: 2
[GCL]: [01:04:24.145] <dpw..m1w> [#0] [h:203] Ballot, line 59: Vote: 0
[GCL]: [01:04:24.145] <zrt..0ww> [#2] [h:203] Ballot, line 59: Vote: 0
[GCL]: [01:04:24.145] <vba..thm> [#1] [h:203] Ballot, line 59: Vote: 0
[GCL]: [01:04:24.145] <wgn..abg> [#3] [h:203] Ballot, line 59: Vote: 1
[GCL]: [01:04:24.145] <etv..phr> [#2] [h:204] Ballot, line 59: Vote: 1
[GCL]: [01:04:24.145] <q6g..p6c> [#1] [h:204] Ballot, line 59: Vote: 0
[GCL]: [01:04:24.145] <6kh..4jg> [#3] [h:204] Ballot, line 59: Vote: 0
[GCL]: [01:04:24.145] <3yy..0sc> [#0] [h:204] Ballot, line 59: Vote: 0
[GCL]: [01:04:24.145] <50d..k4w> [#0] [h:205] Ballot, line 59: Vote: 0
[GCL]: [01:04:24.145] <w0e..dp4> [#1] [h:205] Ballot, line 59: Vote: 0
[GCL]: [01:04:24.145] <dfj..phg> [#2] [h:205] Ballot, line 59: Vote: 2
[GCL]: [01:04:24.145] <rwx..28r> [#3] [h:205] Ballot, line 59: Vote: 0
[GCL]: [01:04:24.145] <b3v..rwg> [#1] [h:206] Ballot, line 59: Vote: 1
[GCL]: [01:04:24.146] <gdf..h3m> [#2] [h:206] Ballot, line 59: Vote: 2
[GCL]: [01:04:24.146] <0kd..7ew> [#3] [h:206] Ballot, line 59: Vote: 0
[GCL]: [01:04:24.145] <4y6..63g> [#0] [h:206] Ballot, line 59: Vote: 2
[GCL]: [01:04:24.146] <85a..c50> [#0] [h:207] Ballot, line 59: Vote: 0
[GCL]: [01:04:24.146] <4a5..az8> [#3] [h:207] Ballot, line 59: Vote: 1
[GCL]: [01:04:24.146] <prb..5gr> [#2] [h:207] Ballot, line 59: Vote: 2
[GCL]: [01:04:24.146] <jrs..61w> [#1] [h:207] Ballot, line 59: Vote: 1
[GCL]: [01:04:24.146] <ges..esr> [#1] [h:208] Ballot, line 59: Vote: 0
[GCL]: [01:04:24.146] <5g9..ha4> [#3] [h:208] Ballot, line 59: Vote: 2
[GCL]: [01:04:24.146] <t61..17g> [#0] [h:208] Ballot, line 59: Vote: 1
[GCL]: [01:04:24.146] <yv3..36m> [#2] [h:208] Ballot, line 59: Vote: 1
[GCL]: [01:04:24.146] <ggq..rmr> [#0] [h:209] Ballot, line 59: Vote: 0
[GCL]: [01:04:24.146] <zyx..rkm> [#2] [h:209] Ballot, line 59: Vote: 1
[GCL]: [01:04:24.146] <tz5..rar> [#1] [h:209] Ballot, line 59: Vote: 0
[GCL]: [01:04:24.146] <qpf..2yg> [#3] [h:209] Ballot, line 59: Vote: 0
[GCL]: [01:04:24.146] <qam..66g> [#0] [h:210] Ballot, line 59: Vote: 1
[GCL]: [01:04:24.146] <6an..fdg> [#2] [h:210] Ballot, line 59: Vote: 2
[GCL]: [01:04:24.147] <jqf..ddg> [#3] [h:210] Ballot, line 59: Vote: 1
[GCL]: [01:04:24.146] <rgx..p6g> [#1] [h:210] Ballot, line 59: Vote: 2
[GCL]: [01:04:24.147] <nwc..4am> [#1] [h:211] Ballot, line 59: Vote: 1
[GCL]: [01:04:24.147] <9pj..r3w> [#2] [h:211] Ballot, line 59: Vote: 1
[GCL]: [01:04:24.147] <tct..7xr> [#0] [h:211] Ballot, line 59: Vote: 2
[GCL]: [01:04:24.147] <q8t..yym> [#3] [h:211] Ballot, line 59: Vote: 1
[GCL]: [01:04:24.147] <h9j..yk8> [#1] [h:212] Ballot, line 59: Vote: 2
[GCL]: [01:04:24.147] <6rs..ayg> [#3] [h:212] Ballot, line 59: Vote: 2
[GCL]: [01:04:24.147] <kp9..3r8> [#0] [h:212] Ballot, line 59: Vote: 1
[GCL]: [01:04:24.147] <9c9..brm> [#2] [h:212] Ballot, line 59: Vote: 0
[GCL]: [01:04:24.147] <ee9..bsm> [#1] [h:213] Ballot, line 59: Vote: 0
[GCL]: [01:04:24.147] <q3h..e58> [#0] [h:213] Ballot, line 59: Vote: 2
[GCL]: [01:04:24.147] <7bn..2cr> [#2] [h:213] Ballot, line 59: Vote: 0
[GCL]: [01:04:24.240] <xag..2y8> [#3] [h:213] Ballot, line 59: Vote: 0
[GCL]: [01:04:24.240] <2bx..f7r> [#0] [h:214] Ballot, line 59: Vote: 0
[GCL]: [01:04:24.240] <cvs..6eg> [#1] [h:214] Ballot, line 59: Vote: 1
[GCL]: [01:04:24.240] <caa..87r> [#2] [h:214] Ballot, line 59: Vote: 0
[GCL]: [01:04:24.240] <xkr..j20> [#3] [h:214] Ballot, line 59: Vote: 2
[GCL]: [01:04:24.240] <p2h..gqw> [#2] [h:215] Ballot, line 59: Vote: 2
[GCL]: [01:04:24.241] <y9h..j2m> [#1] [h:215] Ballot, line 59: Vote: 2
[GCL]: [01:04:24.241] <d2r..gj8> [#0] [h:215] Ballot, line 59: Vote: 2
[GCL]: [01:04:24.241] <thj..f10> [#3] [h:215] Ballot, line 59: Vote: 0
[GCL]: [01:04:24.241] <ngb..7pc> [#2] [h:216] Ballot, line 59: Vote: 0
[GCL]: [01:04:24.241] <v0e..334> [#1] [h:216] Ballot, line 59: Vote: 2
[GCL]: [01:04:24.241] <480..qdg> [#0] [h:216] Ballot, line 59: Vote: 0
[GCL]: [01:04:24.241] <a5k..mhg> [#3] [h:216] Ballot, line 59: Vote: 1
[GCL]: [01:04:24.241] <2t8..gsw> [#1] [h:217] Ballot, line 59: Vote: 2
[GCL]: [01:04:24.241] <m83..ykg> [#0] [h:217] Ballot, line 59: Vote: 1
[GCL]: [01:04:24.241] <m3x..nrg> [#2] [h:217] Ballot, line 59: Vote: 0
[GCL]: [01:04:24.241] <ejt..5jr> [#3] [h:217] Ballot, line 59: Vote: 2
[GCL]: [01:04:24.242] <k6t..2wg> [#0] [h:218] Ballot, line 59: Vote: 0
[GCL]: [01:04:24.242] <17p..hq8> [#1] [h:218] Ballot, line 59: Vote: 0
[GCL]: [01:04:24.242] <dr5..adr> [#2] [h:218] Ballot, line 59: Vote: 0
[GCL]: [01:04:24.242] <z2g..jtm> [#3] [h:218] Ballot, line 59: Vote: 2
[GCL]: [01:04:24.242] <k4q..mjw> [#2] [h:219] Ballot, line 59: Vote: 1
[GCL]: [01:04:24.242] <03d..qy0> [#3] [h:219] Ballot, line 59: Vote: 0
[GCL]: [01:04:24.242] <0sy..car> [#1] [h:219] Ballot, line 59: Vote: 1
[GCL]: [01:04:24.242] <jjn..8rg> [#0] [h:219] Ballot, line 59: Vote: 1
[GCL]: [01:04:24.242] <41t..dsc> [#0] [h:220] Ballot, line 59: Vote: 1
[GCL]: [01:04:24.242] <ph4..ka8> [#2] [h:220] Ballot, line 59: Vote: 0
[GCL]: [01:04:24.242] <w0v..8wc> [#1] [h:220] Ballot, line 59: Vote: 0
[GCL]: [01:04:24.242] <fqd..zz4> [#3] [h:220] Ballot, line 59: Vote: 0
[GCL]: [01:04:24.242] <yh0..wwr> [#3] [h:221] Ballot, line 59: Vote: 1
[GCL]: [01:04:24.242] <0sw..fzm> [#1] [h:221] Ballot, line 59: Vote: 2
[GCL]: [01:04:24.242] <j1e..69c> [#0] [h:221] Ballot, line 59: Vote: 1
[GCL]: [01:04:24.242] <9fr..4km> [#2] [h:221] Ballot, line 59: Vote: 1
[GCL]: [01:04:24.243] <w05..xpm> [#0] [h:222] Ballot, line 59: Vote: 0
[GCL]: [01:04:24.243] <ye3..3dw> [#1] [h:222] Ballot, line 59: Vote: 1
[GCL]: [01:04:24.243] <ft2..37c> [#2] [h:222] Ballot, line 59: Vote: 2
[GCL]: [01:04:24.243] <0sz..adm> [#3] [h:222] Ballot, line 59: Vote: 0
[GCL]: [01:04:24.243] <ts3..kym> [#1] [h:223] Ballot, line 59: Vote: 2
[GCL]: [01:04:24.243] <f1j..b0m> [#0] [h:223] Ballot, line 59: Vote: 2
[GCL]: [01:04:24.243] <gaa..td0> [#3] [h:223] Ballot, line 59: Vote: 2
[GCL]: [01:04:24.243] <522..xer> [#2] [h:223] Ballot, line 59: Vote: 0
[GCL]: [01:04:24.243] <7z3..aew> [#0] [h:224] Ballot, line 59: Vote: 0
[GCL]: [01:04:24.243] <cz8..51m> [#3] [h:224] Ballot, line 59: Vote: 0
[GCL]: [01:04:24.243] <40c..q08> [#1] [h:224] Ballot, line 59: Vote: 2
[GCL]: [01:04:24.243] <je3..jr0> [#2] [h:224] Ballot, line 59: Vote: 0
[GCL]: [01:04:24.243] <tvn..h6w> [#0] [h:225] Ballot, line 59: Vote: 0
[GCL]: [01:04:24.243] <qkd..e0g> [#2] [h:225] Ballot, line 59: Vote: 2
[GCL]: [01:04:24.243] <08m..x34> [#1] [h:225] Ballot, line 59: Vote: 0
[GCL]: [01:04:24.243] <crb..gz4> [#3] [h:225] Ballot, line 59: Vote: 0
[GCL]: [01:04:24.244] <xce..s9w> [#0] [h:226] Ballot, line 59: Vote: 2
[GCL]: [01:04:24.244] <kwj..tpm> [#1] [h:226] Ballot, line 59: Vote: 1
[GCL]: [01:04:24.244] <ssf..9m0> [#2] [h:226] Ballot, line 59: Vote: 2
[GCL]: [01:04:24.244] <bbh..nng> [#3] [h:226] Ballot, line 59: Vote: 2
[GCL]: [01:04:24.244] <k73..1y4> [#1] [h:227] Ballot, line 59: Vote: 1
[GCL]: [01:04:24.244] <d7y..8hr> [#0] [h:227] Ballot, line 59: Vote: 1
[GCL]: [01:04:24.244] <yzf..whg> [#2] [h:227] Ballot, line 59: Vote: 2
[GCL]: [01:04:24.244] <c7c..9nw> [#3] [h:227] Ballot, line 59: Vote: 2
[GCL]: [01:04:24.244] <c0g..csg> [#2] [h:228] Ballot, line 59: Vote: 1
[GCL]: [01:04:24.244] <ppb..y8m> [#0] [h:228] Ballot, line 59: Vote: 2
[GCL]: [01:04:24.244] <qeq..w68> [#3] [h:228] Ballot, line 59: Vote: 2
[GCL]: [01:04:24.244] <6dp..7s8> [#1] [h:228] Ballot, line 59: Vote: 1
[GCL]: [01:04:24.244] <rq6..5v0> [#2] [h:229] Ballot, line 59: Vote: 0
[GCL]: [01:04:24.244] <2b0..1rr> [#0] [h:229] Ballot, line 59: Vote: 1
[GCL]: [01:04:24.244] <a79..ex4> [#1] [h:229] Ballot, line 59: Vote: 0
[GCL]: [01:04:24.244] <4nq..sgr> [#3] [h:229] Ballot, line 59: Vote: 1
[GCL]: [01:04:24.245] <e6n..cv4> [#0] [h:230] Ballot, line 59: Vote: 1
[GCL]: [01:04:24.245] <n5s..w1m> [#2] [h:230] Ballot, line 59: Vote: 2
[GCL]: [01:04:24.245] <bcz..j48> [#1] [h:230] Ballot, line 59: Vote: 2
[GCL]: [01:04:24.245] <ax0..47w> [#3] [h:230] Ballot, line 59: Vote: 1
[GCL]: [01:04:24.245] <z5b..mrg> [#0] [h:231] Ballot, line 59: Vote: 2
[GCL]: [01:04:24.245] <3qq..748> [#1] [h:231] Ballot, line 59: Vote: 2
[GCL]: [01:04:24.245] <nwm..ft0> [#3] [h:231] Ballot, line 59: Vote: 1
[GCL]: [01:04:24.246] <rqx..jd8> [#2] [h:231] Ballot, line 59: Vote: 2
[GCL]: [01:04:24.246] <4bf..47r> [#1] [h:232] Ballot, line 59: Vote: 0
[GCL]: [01:04:24.246] <95x..vn8> [#0] [h:232] Ballot, line 59: Vote: 0
[GCL]: [01:04:24.246] <6bf..1kg> [#3] [h:232] Ballot, line 59: Vote: 2
[GCL]: [01:04:24.246] <1sv..31m> [#2] [h:232] Ballot, line 59: Vote: 0
[GCL]: [01:04:24.246] <925..pd8> [#0] [h:233] Ballot, line 59: Vote: 1
[GCL]: [01:04:24.246] <6hg..qpr> [#3] [h:233] Ballot, line 59: Vote: 2
[GCL]: [01:04:24.246] <0zz..zm8> [#1] [h:233] Ballot, line 59: Vote: 2
[GCL]: [01:04:24.246] <j79..tm8> [#2] [h:233] Ballot, line 59: Vote: 0
[GCL]: [01:04:24.340] <qq3..e00> [#0] [h:234] Ballot, line 59: Vote: 0
[GCL]: [01:04:24.340] <7wp..93g> [#3] [h:234] Ballot, line 59: Vote: 0
[GCL]: [01:04:24.340] <h8c..ja0> [#2] [h:234] Ballot, line 59: Vote: 2
[GCL]: [01:04:24.340] <8f6..t14> [#1] [h:234] Ballot, line 59: Vote: 1
[GCL]: [01:04:24.340] <0r6..be0> [#1] [h:235] Ballot, line 59: Vote: 1
[GCL]: [01:04:24.340] <9ct..7vr> [#2] [h:235] Ballot, line 59: Vote: 0
[GCL]: [01:04:24.340] <mt9..2b4> [#3] [h:235] Ballot, line 59: Vote: 1
[GCL]: [01:04:24.340] <p52..dsw> [#0] [h:235] Ballot, line 59: Vote: 0
[GCL]: [01:04:24.340] <ra0..504> [#1] [h:236] Ballot, line 59: Vote: 1
[GCL]: [01:04:24.340] <y9y..y2w> [#2] [h:236] Ballot, line 59: Vote: 2
[GCL]: [01:04:24.340] <tbb..t1c> [#3] [h:236] Ballot, line 59: Vote: 1
[GCL]: [01:04:24.341] <8k4..27w> [#0] [h:236] Ballot, line 59: Vote: 1
[GCL]: [01:04:24.345] <583..t7r> [#2] [h:237] Ballot, line 59: Vote: 2
[GCL]: [01:04:24.345] <dq1..29c> [#1] [h:237] Ballot, line 59: Vote: 0
[GCL]: [01:04:24.345] <3re..6rm> [#0] [h:237] Ballot, line 59: Vote: 0
[GCL]: [01:04:24.439] <6gq..pzg> [#3] [h:237] Ballot, line 59: Vote: 0
[GCL]: [01:04:24.440] <hgc..ed8> [#0] [h:238] Ballot, line 59: Vote: 0
[GCL]: [01:04:24.440] <ggy..6h8> [#2] [h:238] Ballot, line 59: Vote: 1
[GCL]: [01:04:24.440] <9xx..7em> [#1] [h:238] Ballot, line 59: Vote: 2
[GCL]: [01:04:24.440] <zm0..6sr> [#3] [h:238] Ballot, line 59: Vote: 1
[GCL]: [01:04:24.440] <5ag..660> [#2] [h:239] Ballot, line 59: Vote: 1
[GCL]: [01:04:24.440] <2tg..hs4> [#1] [h:239] Ballot, line 59: Vote: 1
[GCL]: [01:04:24.440] <sp7..zp4> [#0] [h:239] Ballot, line 59: Vote: 1
[GCL]: [01:04:24.440] <6wk..xd0> [#3] [h:239] Ballot, line 59: Vote: 1
[GCL]: [01:04:24.539] <1vf..6yc> [#0] [h:240] Ballot, line 59: Vote: 2
[GCL]: [01:04:24.540] <vyn..54w> [#3] [h:240] Ballot, line 59: Vote: 1
[GCL]: [01:04:24.540] <51a..f34> [#1] [h:240] Ballot, line 59: Vote: 2
[GCL]: [01:04:24.540] <zg4..pac> [#2] [h:240] Ballot, line 59: Vote: 2
[GCL]: [01:04:24.540] <6r2..vcc> [#2] [h:241] Ballot, line 59: Vote: 2
[GCL]: [01:04:24.540] <cat..43g> [#0] [h:241] Ballot, line 59: Vote: 1
[GCL]: [01:04:24.540] <nej..vsc> [#3] [h:241] Ballot, line 59: Vote: 1
[GCL]: [01:04:24.540] <kpa..rjr> [#1] [h:241] Ballot, line 59: Vote: 1
[GCL]: [01:04:24.540] <q7r..ep4> [#2] [h:242] Ballot, line 59: Vote: 1
[GCL]: [01:04:24.540] <h4j..eq8> [#1] [h:242] Ballot, line 59: Vote: 2
[GCL]: [01:04:24.541] <ntg..43w> [#3] [h:242] Ballot, line 59: Vote: 0
[GCL]: [01:04:24.540] <6t0..sf8> [#0] [h:242] Ballot, line 59: Vote: 2
[GCL]: [01:04:24.541] <whv..234> [#2] [h:243] Ballot, line 59: Vote: 2
[GCL]: [01:04:24.541] <jr9..ke8> [#1] [h:243] Ballot, line 59: Vote: 2
[GCL]: [01:04:24.541] <n4t..7sg> [#0] [h:243] Ballot, line 59: Vote: 1
[GCL]: [01:04:24.542] <086..zxw> [#3] [h:243] Ballot, line 59: Vote: 0
[GCL]: [01:04:24.542] <r3n..av4> [#0] [h:244] Ballot, line 59: Vote: 1
[GCL]: [01:04:24.542] <dbk..h88> [#1] [h:244] Ballot, line 59: Vote: 0
[GCL]: [01:04:24.542] <ke6..q18> [#2] [h:244] Ballot, line 59: Vote: 1
[GCL]: [01:04:24.542] <ppw..smw> [#3] [h:244] Ballot, line 59: Vote: 2
[GCL]: [01:04:24.542] <cws..t40> [#1] [h:245] Ballot, line 59: Vote: 1
[GCL]: [01:04:24.542] <yt8..3w8> [#3] [h:245] Ballot, line 59: Vote: 1
[GCL]: [01:04:24.542] <nbc..bcr> [#0] [h:245] Ballot, line 59: Vote: 0
[GCL]: [01:04:24.542] <dvy..qvc> [#2] [h:245] Ballot, line 59: Vote: 1
[GCL]: [01:04:24.542] <wmr..gg8> [#3] [h:246] Ballot, line 59: Vote: 0
[GCL]: [01:04:24.542] <jq8..p94> [#2] [h:246] Ballot, line 59: Vote: 1
[GCL]: [01:04:24.542] <t80..6k0> [#1] [h:246] Ballot, line 59: Vote: 2
[GCL]: [01:04:24.542] <vsm..ep4> [#0] [h:246] Ballot, line 59: Vote: 1
[GCL]: [01:04:24.543] <zsm..1rm> [#1] [h:247] Ballot, line 59: Vote: 2
[GCL]: [01:04:24.543] <q5b..650> [#2] [h:247] Ballot, line 59: Vote: 2
[GCL]: [01:04:24.543] <34e..txr> [#3] [h:247] Ballot, line 59: Vote: 1
[GCL]: [01:04:24.543] <1vq..pdw> [#0] [h:247] Ballot, line 59: Vote: 1
[GCL]: [01:04:24.543] <pjr..cn0> [#2] [h:248] Ballot, line 59: Vote: 1
[GCL]: [01:04:24.543] <90r..r6g> [#1] [h:248] Ballot, line 59: Vote: 2
[GCL]: [01:04:24.543] <c9m..cp8> [#3] [h:248] Ballot, line 59: Vote: 1
[GCL]: [01:04:24.543] <vwn..67m> [#0] [h:248] Ballot, line 59: Vote: 1
[GCL]: [01:04:24.543] <0fk..f1r> [#0] [h:249] Ballot, line 59: Vote: 2
[GCL]: [01:04:24.543] <1a8..xsm> [#2] [h:249] Ballot, line 59: Vote: 2
[GCL]: [01:04:24.543] <wdq..4wm> [#3] [h:249] Ballot, line 59: Vote: 1
[GCL]: [01:04:24.543] <h6r..czw> [#1] [h:249] Ballot, line 59: Vote: 1
[GCL]: [01:04:24.543] <0cb..1ew> [#1] [h:250] Ballot, line 59: Vote: 0
[GCL]: [01:04:24.543] <bc5..mkg> [#0] [h:250] Ballot, line 59: Vote: 2
[GCL]: [01:04:24.543] <3jw..sgr> [#2] [h:250] Ballot, line 59: Vote: 2
[GCL]: [01:04:24.543] <fhw..rqr> [#3] [h:250] Ballot, line 59: Vote: 1
[GCL]: [01:04:24.544] <643..qe0> [#1] [h:251] Ballot, line 59: Vote: 0
[GCL]: [01:04:24.544] <87d..b5m> [#2] [h:251] Ballot, line 59: Vote: 0
[GCL]: [01:04:24.544] <qfy..zqm> [#0] [h:251] Ballot, line 59: Vote: 1
[GCL]: [01:04:24.544] <tn5..ffr> [#3] [h:251] Ballot, line 59: Vote: 2
[GCL]: [01:04:24.544] <daz..rjc> [#3] [h:252] Ballot, line 59: Vote: 1
[GCL]: [01:04:24.544] <7p1..wv0> [#2] [h:252] Ballot, line 59: Vote: 0
[GCL]: [01:04:24.544] <hec..qxc> [#0] [h:252] Ballot, line 59: Vote: 1
[GCL]: [01:04:24.544] <gm1..dxm> [#1] [h:252] Ballot, line 59: Vote: 0
[GCL]: [01:04:24.544] [#g] [h:254] <= <hf4..y54> [#2] [h:253] Ballot, line 80: In global
[GCL]: [01:04:24.544] [#1] [h:254] Ballot, line 84: Shard Vote: [81, 81, 88]
[GCL]: [01:04:24.544] [#2] [h:254] Ballot, line 84: Shard Vote: [86, 90, 74]
[GCL]: [01:04:24.545] [#3] [h:254] Ballot, line 84: Shard Vote: [91, 83, 76]
[GCL]: [01:04:24.545] [#0] [h:254] Ballot, line 84: Shard Vote: [88, 89, 73]
[GCL]: [01:04:24.545] [#g] [h:255] <= <hf4..y54> [#0] [h:254] Ballot, line 95: votes: [{"name" : "Spring", "totalVotedWeight" : 346}, {"name" : "Yarn", "totalVotedWeight" : 343}, {"name" : "Combat", "totalVotedWeight" : 311}]
[GCL]: [01:04:24.545] [#g] [h:255] <= <hf4..y54> [#0] [h:254] Ballot, line 108: result: {"topVoted" : "Spring", "case" : 1}
[GCL]: Stopwatch: 999 msec
[GCL]: Order: 2, TPS:1002, uTPS:1011
[GCL]: Shd#g:	h:256 txn:0/0/7 addr:0
[GCL]: Shd#0:	h:256 txn:0/0/251 addr:250
[GCL]: Shd#1:	h:256 txn:0/0/251 addr:250
[GCL]: Shd#2:	h:256 txn:0/0/253 addr:250
[GCL]: Shd#3:	h:256 txn:0/0/251 addr:250
[GCL]: Total Txn:0/1013
